9 [139822708545344] INFO perfrun.launcher <> - Launcher main begin
11 [139822708545344] INFO perfrun.launcher <> - MessageCatalogInit finished
11 [139822708545344] INFO perfrun.launcher <> - Launcher instance created
11 [139822708545344] INFO perfrun.launcher <> - argc = 7; cmdline = /home/funbotan/intel/vtune_amplifier_2019.6.0.602217/bin64/amplxe-runss --ui-output-format xml --ui-output-fd 36 --option-file /home/funbotan/eclipse-workspace/lab2/lab2/r003hs/config/runsa.options 
17 [139822708545344] INFO perfrun.launcher <> - plugin remoteplug has been added successfully
17 [139822708545344] INFO perfrun.launcher <> - plugin system has been added successfully
17 [139822708545344] INFO perfrun.launcher <> - plugin itt has been added successfully
17 [139822708545344] INFO perfrun.launcher <> - plugin ptracecollector has been added successfully
17 [139822708545344] INFO perfrun.launcher <> - plugin gpu has been added successfully
17 [139822708545344] INFO perfrun.launcher <> - plugin  has been added successfully
17 [139822708545344] INFO perfrun.launcher <> - plugin  has been added successfully
17 [139822708545344] INFO perfrun.launcher <> - plugin  has been added successfully
17 [139822708545344] INFO perfrun.launcher <> - plugin mrte has been added successfully
17 [139822708545344] INFO perfrun.launcher <> - plugin emon has been added successfully
17 [139822708545344] INFO perfrun.launcher <> - plugin cuscol has been added successfully
17 [139822708545344] INFO perfrun.launcher <> - plugin stdsrc has been added successfully
17 [139822708545344] INFO perfrun.launcher <> - plugin sep has been added successfully
17 [139822708545344] INFO perfrun.launcher <> - plugin vtsspp has been added successfully
17 [139822708545344] INFO perfrun.sdk <> - Reading value (1) from file: /proc/sys/kernel/perf_event_paranoid
17 [139822708545344] INFO perfrun.perfcollector <> - checking access to: /home/funbotan/intel/vtune_amplifier_2019.6.0.602217/bin64/amplxe-perf-priv
17 [139822708545344] INFO perfrun.perfcollector <> - cpu: family = 6 model = 94
17 [139822708545344] INFO perfrun.perfcollector <> - dir found : /sys/bus/event_source/devices/software
17 [139822708545344] WARN perfrun.perfcollector <> - format subdir doesn't exist, at file: vcs/perfrun1/plugins/perfcollector/src/controller.cpp:648
18 [139822708545344] WARN perfrun.perfcollector <> - pmu hwInfo is not set, at file: vcs/perfrun1/plugins/perfcollector/src/controller.cpp:737
18 [139822708545344] INFO perfrun.perfcollector <> - pmu added : family : software , id : 0
18 [139822708545344] INFO perfrun.perfcollector <> - dir found : /sys/bus/event_source/devices/power
18 [139822708545344] INFO perfrun.perfcollector <> - format: event config:0-7 mask:0-7
18 [139822708545344] WARN perfrun.perfcollector <> - pmu hwInfo is not set, at file: vcs/perfrun1/plugins/perfcollector/src/controller.cpp:737
18 [139822708545344] INFO perfrun.perfcollector <> - pmu added : family : power , id : 0
18 [139822708545344] INFO perfrun.perfcollector <> - dir found : /sys/bus/event_source/devices/uprobe
18 [139822708545344] INFO perfrun.perfcollector <> - format: ref_ctr_offset config:32-63 mask:32-63
18 [139822708545344] INFO perfrun.perfcollector <> - format: retprobe config:0 mask:0
18 [139822708545344] WARN perfrun.perfcollector <> - pmu hwInfo is not set, at file: vcs/perfrun1/plugins/perfcollector/src/controller.cpp:737
18 [139822708545344] INFO perfrun.perfcollector <> - pmu added : family : uprobe , id : 0
18 [139822708545344] INFO perfrun.perfcollector <> - dir found : /sys/bus/event_source/devices/uncore_imc
18 [139822708545344] INFO perfrun.perfcollector <> - format: event config:0-7 mask:0-7
18 [139822708545344] INFO perfrun.perfcollector <> - hwInfo : PERF_IMC_PMU_DETAILS
18 [139822708545344] INFO perfrun.perfcollector <> - pmu added : family : uncore_imc , id : 0
18 [139822708545344] INFO perfrun.perfcollector <> - dir found : /sys/bus/event_source/devices/cpu
18 [139822708545344] INFO perfrun.perfcollector <> - format: event config:0-7 mask:0-7
18 [139822708545344] INFO perfrun.perfcollector <> - format: pc config:19 mask:19
18 [139822708545344] INFO perfrun.perfcollector <> - format: in_tx config:32 mask:32
18 [139822708545344] INFO perfrun.perfcollector <> - format: edge config:18 mask:18
18 [139822708545344] INFO perfrun.perfcollector <> - format: any config:21 mask:21
18 [139822708545344] INFO perfrun.perfcollector <> - format: offcore_rsp config1:0-63 mask:0-63
18 [139822708545344] INFO perfrun.perfcollector <> - format: in_tx_cp config:33 mask:33
18 [139822708545344] INFO perfrun.perfcollector <> - format: ldlat config1:0-15 mask:0-15
18 [139822708545344] INFO perfrun.perfcollector <> - format: inv config:23 mask:23
18 [139822708545344] INFO perfrun.perfcollector <> - format: umask config:8-15 mask:8-15
18 [139822708545344] INFO perfrun.perfcollector <> - format: frontend config1:0-23 mask:0-23
18 [139822708545344] INFO perfrun.perfcollector <> - format: cmask config:24-31 mask:24-31
18 [139822708545344] INFO perfrun.perfcollector <> - hwInfo : PERF_CPU_PMU_DETAILS
18 [139822708545344] INFO perfrun.perfcollector <> - pmu added : family : cpu , id : 0
18 [139822708545344] INFO perfrun.perfcollector <> - dir found : /sys/bus/event_source/devices/cstate_core
18 [139822708545344] INFO perfrun.perfcollector <> - format: event config:0-63 mask:0-63
18 [139822708545344] WARN perfrun.perfcollector <> - pmu hwInfo is not set, at file: vcs/perfrun1/plugins/perfcollector/src/controller.cpp:737
18 [139822708545344] INFO perfrun.perfcollector <> - pmu added : family : cstate_core , id : 0
18 [139822708545344] INFO perfrun.perfcollector <> - dir found : /sys/bus/event_source/devices/uncore_cbox_2
18 [139822708545344] INFO perfrun.perfcollector <> - format: event config:0-7 mask:0-7
18 [139822708545344] INFO perfrun.perfcollector <> - format: edge config:18 mask:18
18 [139822708545344] INFO perfrun.perfcollector <> - format: inv config:23 mask:23
18 [139822708545344] INFO perfrun.perfcollector <> - format: umask config:8-15 mask:8-15
18 [139822708545344] INFO perfrun.perfcollector <> - format: cmask config:24-28 mask:24-28
18 [139822708545344] WARN perfrun.perfcollector <> - pmu hwInfo is not set, at file: vcs/perfrun1/plugins/perfcollector/src/controller.cpp:737
18 [139822708545344] INFO perfrun.perfcollector <> - pmu added : family : uncore_cbox , id : 2
18 [139822708545344] INFO perfrun.perfcollector <> - dir found : /sys/bus/event_source/devices/breakpoint
18 [139822708545344] WARN perfrun.perfcollector <> - format subdir doesn't exist, at file: vcs/perfrun1/plugins/perfcollector/src/controller.cpp:648
18 [139822708545344] WARN perfrun.perfcollector <> - pmu hwInfo is not set, at file: vcs/perfrun1/plugins/perfcollector/src/controller.cpp:737
18 [139822708545344] INFO perfrun.perfcollector <> - pmu added : family : breakpoint , id : 0
18 [139822708545344] INFO perfrun.perfcollector <> - dir found : /sys/bus/event_source/devices/uncore_cbox_0
19 [139822708545344] INFO perfrun.perfcollector <> - format: event config:0-7 mask:0-7
19 [139822708545344] INFO perfrun.perfcollector <> - format: edge config:18 mask:18
19 [139822708545344] INFO perfrun.perfcollector <> - format: inv config:23 mask:23
19 [139822708545344] INFO perfrun.perfcollector <> - format: umask config:8-15 mask:8-15
19 [139822708545344] INFO perfrun.perfcollector <> - format: cmask config:24-28 mask:24-28
19 [139822708545344] WARN perfrun.perfcollector <> - pmu hwInfo is not set, at file: vcs/perfrun1/plugins/perfcollector/src/controller.cpp:737
19 [139822708545344] INFO perfrun.perfcollector <> - pmu added : family : uncore_cbox , id : 0
19 [139822708545344] INFO perfrun.perfcollector <> - dir found : /sys/bus/event_source/devices/tracepoint
19 [139822708545344] WARN perfrun.perfcollector <> - format subdir doesn't exist, at file: vcs/perfrun1/plugins/perfcollector/src/controller.cpp:648
19 [139822708545344] WARN perfrun.perfcollector <> - pmu hwInfo is not set, at file: vcs/perfrun1/plugins/perfcollector/src/controller.cpp:737
19 [139822708545344] INFO perfrun.perfcollector <> - pmu added : family : tracepoint , id : 0
19 [139822708545344] INFO perfrun.perfcollector <> - dir found : /sys/bus/event_source/devices/cstate_pkg
19 [139822708545344] INFO perfrun.perfcollector <> - format: event config:0-63 mask:0-63
19 [139822708545344] WARN perfrun.perfcollector <> - pmu hwInfo is not set, at file: vcs/perfrun1/plugins/perfcollector/src/controller.cpp:737
19 [139822708545344] INFO perfrun.perfcollector <> - pmu added : family : cstate_pkg , id : 0
19 [139822708545344] INFO perfrun.perfcollector <> - dir found : /sys/bus/event_source/devices/uncore_arb
19 [139822708545344] INFO perfrun.perfcollector <> - format: event config:0-7 mask:0-7
19 [139822708545344] INFO perfrun.perfcollector <> - format: edge config:18 mask:18
19 [139822708545344] INFO perfrun.perfcollector <> - format: inv config:23 mask:23
19 [139822708545344] INFO perfrun.perfcollector <> - format: umask config:8-15 mask:8-15
19 [139822708545344] INFO perfrun.perfcollector <> - format: cmask config:24-28 mask:24-28
19 [139822708545344] WARN perfrun.perfcollector <> - pmu hwInfo is not set, at file: vcs/perfrun1/plugins/perfcollector/src/controller.cpp:737
19 [139822708545344] INFO perfrun.perfcollector <> - pmu added : family : uncore_arb , id : 0
19 [139822708545344] INFO perfrun.perfcollector <> - dir found : /sys/bus/event_source/devices/kprobe
19 [139822708545344] INFO perfrun.perfcollector <> - format: retprobe config:0 mask:0
19 [139822708545344] WARN perfrun.perfcollector <> - pmu hwInfo is not set, at file: vcs/perfrun1/plugins/perfcollector/src/controller.cpp:737
19 [139822708545344] INFO perfrun.perfcollector <> - pmu added : family : kprobe , id : 0
19 [139822708545344] INFO perfrun.perfcollector <> - dir found : /sys/bus/event_source/devices/msr
19 [139822708545344] INFO perfrun.perfcollector <> - format: event config:0-63 mask:0-63
19 [139822708545344] WARN perfrun.perfcollector <> - pmu hwInfo is not set, at file: vcs/perfrun1/plugins/perfcollector/src/controller.cpp:737
19 [139822708545344] INFO perfrun.perfcollector <> - pmu added : family : msr , id : 0
19 [139822708545344] INFO perfrun.perfcollector <> - dir found : /sys/bus/event_source/devices/uncore_cbox_3
20 [139822708545344] INFO perfrun.perfcollector <> - format: event config:0-7 mask:0-7
20 [139822708545344] INFO perfrun.perfcollector <> - format: edge config:18 mask:18
20 [139822708545344] INFO perfrun.perfcollector <> - format: inv config:23 mask:23
20 [139822708545344] INFO perfrun.perfcollector <> - format: umask config:8-15 mask:8-15
20 [139822708545344] INFO perfrun.perfcollector <> - format: cmask config:24-28 mask:24-28
20 [139822708545344] WARN perfrun.perfcollector <> - pmu hwInfo is not set, at file: vcs/perfrun1/plugins/perfcollector/src/controller.cpp:737
20 [139822708545344] INFO perfrun.perfcollector <> - pmu added : family : uncore_cbox , id : 3
20 [139822708545344] INFO perfrun.perfcollector <> - dir found : /sys/bus/event_source/devices/intel_pt
20 [139822708545344] INFO perfrun.perfcollector <> - format: ptw config:12 mask:12
20 [139822708545344] INFO perfrun.perfcollector <> - format: cyc_thresh config:19-22 mask:19-22
20 [139822708545344] INFO perfrun.perfcollector <> - format: pt config:0 mask:0
20 [139822708545344] INFO perfrun.perfcollector <> - format: branch config:13 mask:13
20 [139822708545344] INFO perfrun.perfcollector <> - format: tsc config:10 mask:10
20 [139822708545344] INFO perfrun.perfcollector <> - format: pwr_evt config:4 mask:4
20 [139822708545344] INFO perfrun.perfcollector <> - format: fup_on_ptw config:5 mask:5
20 [139822708545344] INFO perfrun.perfcollector <> - format: cyc config:1 mask:1
20 [139822708545344] INFO perfrun.perfcollector <> - format: noretcomp config:11 mask:11
20 [139822708545344] INFO perfrun.perfcollector <> - format: mtc config:9 mask:9
20 [139822708545344] INFO perfrun.perfcollector <> - format: psb_period config:24-27 mask:24-27
20 [139822708545344] INFO perfrun.perfcollector <> - format: mtc_period config:14-17 mask:14-17
20 [139822708545344] WARN perfrun.perfcollector <> - pmu hwInfo is not set, at file: vcs/perfrun1/plugins/perfcollector/src/controller.cpp:737
20 [139822708545344] INFO perfrun.perfcollector <> - pmu added : family : intel_pt , id : 0
20 [139822708545344] INFO perfrun.perfcollector <> - dir found : /sys/bus/event_source/devices/uncore_cbox_1
20 [139822708545344] INFO perfrun.perfcollector <> - format: event config:0-7 mask:0-7
20 [139822708545344] INFO perfrun.perfcollector <> - format: edge config:18 mask:18
20 [139822708545344] INFO perfrun.perfcollector <> - format: inv config:23 mask:23
20 [139822708545344] INFO perfrun.perfcollector <> - format: umask config:8-15 mask:8-15
20 [139822708545344] INFO perfrun.perfcollector <> - format: cmask config:24-28 mask:24-28
20 [139822708545344] WARN perfrun.perfcollector <> - pmu hwInfo is not set, at file: vcs/perfrun1/plugins/perfcollector/src/controller.cpp:737
20 [139822708545344] INFO perfrun.perfcollector <> - pmu added : family : uncore_cbox , id : 1
20 [139822708545344] INFO perfrun.launcher <> - plugin perf has been added successfully
21 [139822708545344] INFO perfrun.launcher <> - plugin tpss has been added successfully
21 [139822708545344] INFO perfrun.launcher <> - plugin exprof has been added successfully
21 [139822708545344] INFO perfrun.launcher <> - plugin media has been added successfully
21 [139822708545344] INFO perfrun.launcher <> - plugin ice has been added successfully
21 [139822708545344] INFO perfrun.launcher <> - plugin  has been added successfully
21 [139822708545344] INFO perfrun.launcher <> - plugin  has been added successfully
21 [139822708545344] INFO perfrun.launcher <> - plugin parallelfs has been added successfully
21 [139822708545344] INFO perfrun.launcher <> - plugin power has been added successfully
21 [139822708545344] INFO perfrun.launcher <> - the option was added --interval: Specify an interval of data collection (for example, sampling) in milliseconds.
21 [139822708545344] INFO perfrun.launcher <> - the option was added --follow-child: Profile process with or without children.
21 [139822708545344] INFO perfrun.launcher <> - the option was added --gelding: BADMSG: perfrun1.launcher.plugin_manager::gelding
21 [139822708545344] INFO perfrun.launcher <> - the option was added --time-source: Specify time source for measurement. Possible values: sys - wall clock time; tsc - time stamp counter; ext - time from an external source; auto - auto select accurate time source.
21 [139822708545344] INFO perfrun.launcher <> - the option was added --stack: Enable or disable collection of stacks.
21 [139822708545344] INFO perfrun.launcher <> - the option was added --stack-stitching: Enable or disable the stack stitching algorithm for Intel TBB-based applications.
21 [139822708545344] INFO perfrun.launcher <> - the option was added --type: Specify type of data to be collected. For example, --type cpu:counters,waiting:nostack,io.
21 [139822708545344] INFO perfrun.launcher <> - the option was added --mrte-mode: Specify Java/.NET/other managed runtime collection mode. Possible values: native - collect information only for native code; managed - collect information only for managed code; mixed - collect information for both managed and native code; auto - choose the mode based on binary type.
21 [139822708545344] INFO perfrun.launcher <> - the option was added --mrte-mode-list: List supported Java/.NET/other managed runtime collection modes.
21 [139822708545344] INFO perfrun.launcher <> - the option was added --mrte-type: Specify which managed runtimes to collect. Possible values: java - collect information for Java; dotnet - collect information for .NET; python - collect information for CPython. You can specify several values separated by comma.
21 [139822708545344] INFO perfrun.launcher <> - the option was added --mrte-type-list: List supported Java/.NET/other managed runtime types.
21 [139822708545344] INFO perfrun.launcher <> - the option was added --trace-strategy: Specify how to profile a process tree. <string> can be "<process>:trace:notrace" - profile the process but do not profile its children. Shorthand parameters: t - trace, nt - notrace. For example, "vtunedemo.exe:t:t".
21 [139822708545344] INFO perfrun.launcher <> - the option was added --collector: BADMSG: perfrun1.launcher.plugin_manager::collector
21 [139822708545344] INFO perfrun.launcher <> - the option was added --system-wide: Enable system-wide profiling. This mode may require additional permissions.
22 [139822708545344] INFO perfrun.launcher <> - the option was added --kvm-guest: Enable KVM guest OS profiling.
22 [139822708545344] INFO perfrun.launcher <> - the option was added --kvm-guest-kallsyms: Specify a local path to the /proc/kallsyms file copied from the guest OS for proper symbol resolution.
22 [139822708545344] INFO perfrun.launcher <> - the option was added --kvm-guest-modules: Specify a local path to the /proc/modules file copied from the guest OS for proper symbol resolution.
22 [139822708545344] INFO perfrun.launcher <> - the option was added --dump-vdso: Dump [vdso] to result directory
22 [139822708545344] INFO perfrun.launcher <> - the option was added --bandwidth-limits: Measure bandwidth limits
22 [139822708545344] INFO perfrun.launcher <> - the option was added --acrn-map-info: Collect map info for ACRN
22 [139822708545344] INFO perfrun.launcher <> - the option was added --bandwidth-strategy: Bandwidth limits determination specific properties (example: --bandwidth-strategy array-size=0,duration=500).
22 [139822708545344] INFO perfrun.launcher <> - the option was added --bandwidth-config: List of benchmarks to run.
22 [139822708545344] INFO perfrun.launcher <> - the option was added --system-collector-config: Specify subcollectors. Possible values: all, vdso, container, device-info, none.
22 [139822708545344] INFO perfrun.launcher <> - the option was added --itt-config: Specify a sub-set of ITT API to collect.
22 [139822708545344] INFO perfrun.launcher <> - the option was added --itt-debug: Set pseudo-breakpoint at ITT API collector's start to enable the debugger to attach early.
22 [139822708545344] INFO perfrun.launcher <> - the option was added --ptrace: Ptrace collector.
22 [139822708545344] INFO perfrun.launcher <> - the option was added --target-pid: BADMSG: perfrun1.ptracecollector::target-pid
22 [139822708545344] INFO perfrun.launcher <> - the option was added --ptrace-server-pid: BADMSG: perfrun1.ptracecollector::ptrace-server-pid
23 [139822708545344] INFO perfrun.launcher <> - the option was added --ptrace-trace: BADMSG: perfrun1.ptracecollector::ptrace-trace
23 [139822708545344] INFO perfrun.launcher <> - the option was added --ptrace-time-source: BADMSG: perfrun1.ptracecollector::ptrace-time-source
23 [139822708545344] INFO perfrun.launcher <> - the option was added --ptrace-start-type: BADMSG: perfrun1.ptracecollector::ptrace-start-type
23 [139822708545344] INFO perfrun.launcher <> - the option was added --gpu-config: Specify types of GPU data to be collected. Possible values: preset1, preset2.
24 [139822708545344] INFO perfrun.launcher <> - the option was added --gpu-debug: Enable self-testing of the GPGPU profiling collector.
24 [139822708545344] INFO perfrun.launcher <> - the option was added --custom-collector: Allows to provide arbitrary command line to be run on collection steps.
24 [139822708545344] INFO perfrun.launcher <> - the option was added --stdsrc-config: Specify Standard Sources category tag(s).
24 [139822708545344] INFO perfrun.launcher <> - the option was added --ftrace-config-list: List Linux Ftrace category tag(s).
24 [139822708545344] INFO perfrun.launcher <> - the option was added --ftrace-config: Specify Linux Ftrace category tag(s).
24 [139822708545344] INFO perfrun.launcher <> - the option was added --ftrace-function-groups: Enable tracing of specific groups of functions.
24 [139822708545344] INFO perfrun.launcher <> - the option was added --event-info: BADMSG: perfrun1.stdsrc::event-info
24 [139822708545344] INFO perfrun.launcher <> - the option was added --cpu-list: List supported CPUs.
24 [139822708545344] INFO perfrun.launcher <> - the option was added --target-list: List available targets for performing sampling collection.
24 [139822708545344] INFO perfrun.launcher <> - the option was added --event-value-list: Display event information.
24 [139822708545344] INFO perfrun.launcher <> - the option was added --platform-value-list: Display details of supported platforms.
24 [139822708545344] INFO perfrun.launcher <> - the option was added --uncore-event-list: List uncore events for which a sampling data collection can be performed on this platform.
24 [139822708545344] INFO perfrun.launcher <> - the option was added --modifier-list: Specify the event name <string> for which the modifiers list is requested.
24 [139822708545344] INFO perfrun.launcher <> - the option was added --pmu-list: List supported PMUs.
24 [139822708545344] INFO perfrun.launcher <> - the option was added --os-mode-only: Enable sampling data collection for OS-mode processes only.
24 [139822708545344] INFO perfrun.launcher <> - the option was added --user-mode-only: Enable sampling data collection for user-mode processes only.
24 [139822708545344] INFO perfrun.launcher <> - the option was added --event-config: Perform data collection for the events with <string> configured using the format <event name1>":modifier1=val:modifier2=val/constraint1={:modifier3=val:modifier4=val}...,"<event name2>":... Specify the events(s) to monitor and embed the event names within double quotes("). [:modifier=val] specifies individual event modifiers along with the respective values for a given platform. Note that the modifiers can be generic to an event as well as specific to a constraint (or an event qualifier). The constraint specific special modifiers appear after [/constraint=]. The modifiers can be in decimal or hexadecimal format. Only specific modifiers accept the value as a string. Each event specification is delimited by a comma (,). For a list of supported modifiers and constraints, refer to the documentation.
24 [139822708545344] INFO perfrun.launcher <> - the option was added --chipset-event-config: Perform data collection for the chipset events with <string> configured using the format "<event name1>"...,"<event name2>":... Specify the events(s) to monitor and embed the event names within double quotes(").
24 [139822708545344] INFO perfrun.launcher <> - the option was added --uncore-event-config: Perform uncore data collection in ebc count mode for the events with <string> configured using the format "<event name1>"...,"<event name2>":... Specify the events(s) to monitor and embed the event names within double quotes(").
24 [139822708545344] INFO perfrun.launcher <> - the option was added --count-emon: Enable counting mode and output the data in EMON format.
24 [139822708545344] INFO perfrun.launcher <> - the option was added --event-based-counts: Enable event-based counting mode. During sampling data collection, event counts data is collected for the list of events specified in -event-config option.
24 [139822708545344] INFO perfrun.launcher <> - the option was added --event-mux-tfactor: Specify the event multiplexing tfactor as <integer> to set the length of the interval between interrupts. The larger the tfactor value, the larger the period between interrupts. Currently this option is only available on Intel platforms codenamed Knights Corner.
24 [139822708545344] INFO perfrun.launcher <> - the option was added --full-pebs-capture: Capture full pebs information.
25 [139822708545344] INFO perfrun.launcher <> - the option was added --last-branch-records: Capture Last Branch Records information.
25 [139822708545344] INFO perfrun.launcher <> - the option was added --pmu-type: Specify the targeted PMU name as <string>.
25 [139822708545344] INFO perfrun.launcher <> - the option was added --platform-type: Specify the targeted platform number as <number>.
25 [139822708545344] INFO perfrun.launcher <> - the option was added --p-state-trigger: Specify the name of the trigger event for P-state data as <string>. The default trigger is CPU_CLK_UNHALTED.REF_TSC.
25 [139822708545344] INFO perfrun.launcher <> - the option was added --bts-count: Specify the <integer> number of BTS records collected after each sample or context switch (VTSS++ only).
25 [139822708545344] INFO perfrun.launcher <> - the option was added --cpu-mask: Specify which CPU(s) <string> to collect data on. For example, specify "2-8,10,12-14" to sample only CPUs 2 through 8, 10, and 12 through 14.
25 [139822708545344] INFO perfrun.launcher <> - the option was added --event-mux-alg: Specify the event multiplexing algorithm. Possible values: sequence, timer, trigger.
25 [139822708545344] INFO perfrun.launcher <> - the option was added --event-mux-timeslice: Specify the event multiplexing time slice value as <integer>. The time slice specifies the duration between cycles for each event multiplexing group. The default value is 50 milliseconds. This option is valid only for timer-based event multiplexing. Specify the event multiplexing time slice value as <integer>. The time slice specifies the duration between cycles for each event multiplexing group. The default value is 1 millisecond. This option is valid only for timer-based event multiplexing.
25 [139822708545344] INFO perfrun.launcher <> - the option was added --event-mux-factor: Specify the event multiplexing factor as <integer>. It controls the switching of event multiplexing groups. The default factor is 50. This option is valid only for trigger-based event multiplexing. Specify the event multiplexing factor as <integer>. It controls the switching of event multiplexing groups. The default factor is 1. This option is valid only for trigger-based event multiplexing.
25 [139822708545344] INFO perfrun.launcher <> - the option was added --event-mux-trigger: Specify the name of the trigger event for event multiplexing as <string>. This option is valid only for trigger-based event multiplexing. The default trigger is CPU_CLK_UNHALTED.CORE (or CPU_CLK_UNHALTED.THREAD). BADMSG: perfrun1.vtsspp::event-mux-trigger
25 [139822708545344] INFO perfrun.launcher <> - the option was added --pt-mode: BADMSG: perfrun1.vtsspp::pt-mode
25 [139822708545344] INFO perfrun.launcher <> - the option was added --sample-after-multiplier: Specify the sample after multiplier as <double>. This multiplier modifies the sample after value for all the events specified in -event-config option. The values can range from 0.1 to 100.0. SAV multiplier value
25 [139822708545344] INFO perfrun.launcher <> - the option was added --uncore-sampling-interval: Specify the uncore sampling interval as <integer>. This value set the uncore sampling interval for all the uncore events specified in -event-config option.
25 [139822708545344] INFO perfrun.launcher <> - the option was added --count: Enable counting mode. Enable counting mode
25 [139822708545344] INFO perfrun.launcher <> - the option was added --trace-mpi: Configure collector to trace MPI code.
25 [139822708545344] INFO perfrun.launcher <> - the option was added --aggregated-counting: Enable aggregated counting mode. Enable aggregated-counting mode
25 [139822708545344] INFO perfrun.launcher <> - the option was added --raw-perf-config: Specify a verified configuration for the Perf collector in the format: <describer>,<content>. For example: map-events-file,<path_to_map_events_file>.
25 [139822708545344] INFO perfrun.launcher <> - the option was added --sys-config: BADMSG: perfrun1.vtsspp::sys-config Specify types of system data to be collected. Supported value: cswitch - collect context switch information.
25 [139822708545344] INFO perfrun.launcher <> - the option was added --perf-event-config: Specify events for Perf collector in Perf format. For example: perf-event-config=cpu-clock.
25 [139822708545344] INFO perfrun.launcher <> - the option was added --perf-aio: Number of control blocks in asynchronous trace writing mode.
26 [139822708545344] INFO perfrun.launcher <> - the option was added --perf-compression: Specify compression of Perf collector output data. Possible levels: 0 - without compression, 1..3 - best speed, 4..22 - best compression that incurs big overhead.
26 [139822708545344] INFO perfrun.launcher <> - the option was added --perf-min-mmap-read: Minimum data size read from the kernel mapped region.
26 [139822708545344] INFO perfrun.launcher <> - the option was added --perf-affinity: Adjust an affinity mask of the Perf thread to a node with an allocated memory trace buffer.
26 [139822708545344] INFO perfrun.launcher <> - the option was added --stackwalk: Specify stack unwinding method. Possible values: online - unwind stacks during collection; offline - unwind stacks after collection is finished. Specify stack unwinding method. Possible value: lbr - unwind stacks during collection. Specify stack unwinding method. Possible values: online - unwind stacks during collection; offline - unwind stacks after collection is finished; lbr - enable LBR-based call stack collection. Specify stack unwinding method. Possible values: online - unwind stacks during collection; offline - unwind stacks after collection is finished. Specify stack unwinding method. Possible values: online - unwind stacks during collection; offline - unwind stacks after collection is finished.
26 [139822708545344] INFO perfrun.launcher <> - the option was added --filter-include: Filter data during collection. Possible values: contended=<on|off> - filter out uncontended events; contended_nostack=<time> - filter out stacks for contended events that take less than <time> microseconds; wait=<time> - ignore transitions and blocks with wait time less than <time> microseconds; wait_nostack=<time> - filter out stacks for waits that take less than <time> microseconds.
26 [139822708545344] INFO perfrun.launcher <> - the option was added --debug-pin: Debug PIN tool and runtime.
26 [139822708545344] INFO perfrun.launcher <> - the option was added --debug-exception: Disallow the application to set own abnormal termination handler.
26 [139822708545344] INFO perfrun.launcher <> - the option was added --trace-type: Specify the trace file granularity. Possible values: per-thread - per-thread trace file generation; per-process - per-process trace file generation.
26 [139822708545344] INFO perfrun.launcher <> - the option was added --instrumentation-type: Specify type of instrumentation.
26 [139822708545344] INFO perfrun.launcher <> - the option was added --altstack: Enable or disable usage of altstacks for profiling signal handlers.
26 [139822708545344] INFO perfrun.launcher <> - the option was added --profiling-signal: BADMSG: perfrun1.ptracecollector::profiling-signal Alternate profiling signal.
26 [139822708545344] INFO perfrun.launcher <> - the option was added --memory-strategy: Specify a minimal memory object size to be traced and a hash table size for faster objects search; for example: --memory-strategy obj-size-min=1024,hash-table-size=4096.
26 [139822708545344] INFO perfrun.launcher <> - the option was added --gpu-profiling-config: Specify a type of deep GPU profiling applied for all kernels and a comma-separated list of GPU kernel names and invocations in the following format: profiling_type[@kernel_name[:start_idx:step:stop_idx]], where profiling_type is one of following: none, bblatency, memlatency; kernel_name is the name of GPU kernel; start_idx is the number of the first invocation; and stop_idx is the number of the last invocation to be profiled.
26 [139822708545344] INFO perfrun.launcher <> - the option was added --opencl-trace-mode: Specify OpenCL kernel tracing modes: 'default' to trace OpenCL kernels for Intel Graphics Driver only; 'epoch' for any non-Intel graphics, where OpenCL kernels will be traced and OpenCL profiling API timestamps will be interpreted as Unux Epoch time in nanoseconds; 'completion' to trace OpenCL kernels for any Graphics Driver and bind OpenCL profiling API timestamps to the timestamp of OpenCL completion callback.
26 [139822708545344] INFO perfrun.launcher <> - the option was added --exprof-com-list: List available COM ports.
26 [139822708545344] INFO perfrun.launcher <> - the option was added --exprof-dvc-list: List available DvC IDs.
26 [139822708545344] INFO perfrun.launcher <> - the option was added --exprof-trace-channel: BADMSG: perfrun1.exprof::exprof-trace-channel
26 [139822708545344] INFO perfrun.launcher <> - the option was added --exprof-event-config: Specify ExactProfiling Event Classes.
26 [139822708545344] INFO perfrun.launcher <> - the option was added --ice-pmons-list: BADMSG: perfrun1.ice::ice-pmons-list
26 [139822708545344] INFO perfrun.launcher <> - the option was added --ice-pmons-config: BADMSG: perfrun1.ice::ice-pmons-config
26 [139822708545344] INFO perfrun.launcher <> - the option was added --parallel-fs-config: Specify parallel fs counters to collect.
26 [139822708545344] INFO perfrun.launcher <> - the option was added --pwr-config: BADMSG: perfrun1.vtsspp::pwr-config Specify power metrics configuration.
29 [139822708545344] INFO perfrun.launcher <> - create msngr2::ICliToolContext
31 [139822708545344] INFO perfrun.launcher <> - create file finder object
31 [139822708545344] INFO perfrun.launcher <> - create a result directory: pattern = /home/funbotan/eclipse-workspace/lab2/lab2/r003hs pid = 4294967295
32 [139822708545344] INFO perfrun.sdk <> - checked that the directory /home/funbotan/eclipse-workspace/lab2/lab2/r003hs is a local directory
32 [139822708545344] INFO perfrun.sdk <> - the directory /home/funbotan/eclipse-workspace/lab2/lab2/r003hs is a local directory with FS type ID 61267
33 [139822708545344] INFO perfrun.launcher <> - create data directory = /home/funbotan/eclipse-workspace/lab2/lab2/r003hs/data.0
33 [139822708545344] INFO perfrun.launcher <> - Creating the master collection flag
37 [139822708545344] INFO perfrun.launcher <> - Done creating the master collection flag
38 [139822699538176] INFO perfrun.launcher <> - plugin [remoteplug] was disabled because it doesn't support the given collection type.
38 [139822699538176] INFO perfrun.sdk <> - Allocating TMU :/home/funbotan/eclipse-workspace/lab2/lab2/r003hs/data.0/systemcollector-7305-collins.sc
39 [139822699538176] INFO perfrun.launcher <> - plugin [ptracecollector] was disabled because it doesn't support the given collection type.
39 [139822699538176] INFO perfrun.launcher <> - plugin [gpu] was disabled because it doesn't support the given collection type.
39 [139822699538176] INFO perfrun.launcher <> - plugin [] was disabled because it doesn't support the given collection type.
39 [139822699538176] INFO perfrun.launcher <> - plugin [] was disabled because it doesn't support the given collection type.
39 [139822699538176] INFO perfrun.launcher <> - plugin [] was disabled because it doesn't support the given collection type.
39 [139822699538176] INFO perfrun.mrte <> - Getting  mrte profiling environment ...
58 [139822699538176] INFO perfrun.mrte <> - INTEL_MRTE_DATA_DIR=/home/funbotan/eclipse-workspace/lab2/lab2/r003hs/data.0
58 [139822699538176] INFO perfrun.mrte <> - INTEL_MRTE_HOST_NAME=collins
58 [139822699538176] INFO perfrun.mrte <> - JAVA_TOOL_OPTIONS=-agentlib:amplxe_samplingmrte_javaprof_1.0 -Dsun.boot.library.path=/home/funbotan/intel/vtune_amplifier_2019.6.0.602217/lib32/runtime:/home/funbotan/intel/vtune_amplifier_2019.6.0.602217/lib64/runtime
58 [139822699538176] INFO perfrun.mrte <> - CORECLR_ENABLE_PROFILING=1
58 [139822699538176] INFO perfrun.mrte <> - CORECLR_PROFILER={AA5E4821-E3B1-479c-B7FF-5AD047D22CED}
58 [139822699538176] INFO perfrun.mrte <> - CORECLR_PROFILER_PATH=/home/funbotan/intel/vtune_amplifier_2019.6.0.602217/lib64/libamplxe_samplingmrte_clrprof_1.0.so
58 [139822699538176] INFO perfrun.mrte <> - INTEL_MRTE_PROFILER_MODE=mixed
58 [139822699538176] INFO perfrun.mrte <> - Data directory: /home/funbotan/eclipse-workspace/lab2/lab2/r003hs/data.0
58 [139822699538176] INFO perfrun.mrte <> - Mrte plugin is initialized
58 [139822699538176] INFO perfrun.launcher <> - plugin [emon] was disabled because it doesn't support the given collection type.
58 [139822699538176] INFO perfrun.launcher <> - plugin [cuscol] was disabled because it doesn't support the given collection type.
58 [139822699538176] INFO perfrun.launcher <> - plugin [stdsrc] was disabled because it doesn't support the given collection type.
58 [139822699538176] INFO perfrun.launcher <> - plugin [sep] was disabled because it doesn't support the given collection type.
58 [139822699538176] INFO perfrun.launcher <> - plugin [vtsspp] was disabled because it doesn't support the given collection type.
58 [139822699538176] INFO perfrun.perfcollector <> - AIO blocks = 1
58 [139822699538176] INFO perfrun.perfcollector <> - compression level = 1
58 [139822699538176] INFO perfrun.perfcollector <> - minimum data size read from mmap = 2048
58 [139822699538176] INFO perfrun.perfcollector <> - Perf affinity mode = NUMA node
58 [139822699538176] INFO perfrun.perfcollector <> - No MPI detected-1
58 [139822699538176] INFO perfrun.sdk <> - Reading value (1) from file: /proc/sys/kernel/kptr_restrict
58 [139822699538176] WARN perfrun.launcher <> - Messenger::say: Access to /proc/kallsyms file is limited. Consider changing /proc/sys/kernel/kptr_restrict to 0 to enable resolution of OS kernel and kernel modules symbols.
91 [139822699538176] WARN perfrun.launcher <> - Messenger::say: To profile kernel modules during the session, make sure they are available in the /lib/modules/kernel_version/ location.
91 [139822699538176] INFO perfrun.perfcollector <> - SepDryRunCmd: /home/funbotan/intel/vtune_amplifier_2019.6.0.602217/bin64/sep -dry-run -sam 1 -ec "CPU_CLK_UNHALTED.THREAD:sa=3500000,CPU_CLK_UNHALTED.REF_TSC:sa=3500000,INST_RETIRED.ANY:sample:sa=3500000,CPU_CLK_UNHALTED.REF_XCLK:sa=100003,CPU_CLK_UNHALTED.ONE_THREAD_ACTIVE:sa=100003,UOPS_RETIRED.RETIRE_SLOTS:sample:sa=2000003,FP_ARITH_INST_RETIRED.SCALAR_SINGLE:sa=2000003,FP_ARITH_INST_RETIRED.128B_PACKED_SINGLE:sa=2000003,FP_ARITH_INST_RETIRED.256B_PACKED_SINGLE:sa=2000003,FP_ARITH_INST_RETIRED.SCALAR_DOUBLE:sa=2000003,FP_ARITH_INST_RETIRED.128B_PACKED_DOUBLE:sa=2000003,FP_ARITH_INST_RETIRED.256B_PACKED_DOUBLE:sa=2000003,UOPS_EXECUTED.X87:sa=2000003,UOPS_RETIRED.RETIRE_SLOTS:sa=2000003,UOPS_EXECUTED.THREAD:sa=2000003" -experimental
97 [139822699538176] INFO perfrun.perfcollector <> - SepDryRun RC = true
97 [139822699538176] INFO perfrun.perfcollector <> - DRY_RUN : "Duplicate Event Discarded: UOPS_RETIRED.RETIRE_SLOTS"
97 [139822699538176] INFO perfrun.perfcollector <> - DRY_RUN : "PMU type: Core"
98 [139822699538176] INFO perfrun.perfcollector <> - pmu type : cpu
98 [139822699538176] INFO perfrun.perfcollector <> - DRY_RUN : "Group 0:"
98 [139822699538176] INFO perfrun.perfcollector <> - id : 0
98 [139822699538176] INFO perfrun.perfcollector <> - DRY_RUN : "INST_RETIRED.ANY: event id 2"
98 [139822699538176] INFO perfrun.perfcollector <> - eventName : INST_RETIRED.ANY , eventId : 2
98 [139822699538176] INFO perfrun.perfcollector <> - DRY_RUN : "CPU_CLK_UNHALTED.THREAD: event id 0"
98 [139822699538176] INFO perfrun.perfcollector <> - eventName : CPU_CLK_UNHALTED.THREAD , eventId : 0
98 [139822699538176] INFO perfrun.perfcollector <> - DRY_RUN : "CPU_CLK_UNHALTED.REF_TSC: event id 1"
98 [139822699538176] INFO perfrun.perfcollector <> - eventName : CPU_CLK_UNHALTED.REF_TSC , eventId : 1
98 [139822699538176] INFO perfrun.perfcollector <> - DRY_RUN : "CPU_CLK_UNHALTED.REF_XCLK: event id 3"
98 [139822699538176] INFO perfrun.perfcollector <> - eventName : CPU_CLK_UNHALTED.REF_XCLK , eventId : 3
98 [139822699538176] INFO perfrun.perfcollector <> - DRY_RUN : "CPU_CLK_UNHALTED.ONE_THREAD_ACTIVE: event id 4"
98 [139822699538176] INFO perfrun.perfcollector <> - eventName : CPU_CLK_UNHALTED.ONE_THREAD_ACTIVE , eventId : 4
98 [139822699538176] INFO perfrun.perfcollector <> - DRY_RUN : "UOPS_RETIRED.RETIRE_SLOTS: event id 5"
98 [139822699538176] INFO perfrun.perfcollector <> - eventName : UOPS_RETIRED.RETIRE_SLOTS , eventId : 5
98 [139822699538176] INFO perfrun.perfcollector <> - DRY_RUN : "FP_ARITH_INST_RETIRED.SCALAR_SINGLE: event id 6"
98 [139822699538176] INFO perfrun.perfcollector <> - eventName : FP_ARITH_INST_RETIRED.SCALAR_SINGLE , eventId : 6
98 [139822699538176] INFO perfrun.perfcollector <> - DRY_RUN : "FP_ARITH_INST_RETIRED.128B_PACKED_SINGLE: event id 7"
98 [139822699538176] INFO perfrun.perfcollector <> - eventName : FP_ARITH_INST_RETIRED.128B_PACKED_SINGLE , eventId : 7
98 [139822699538176] INFO perfrun.perfcollector <> - DRY_RUN : "FP_ARITH_INST_RETIRED.256B_PACKED_SINGLE: event id 8"
98 [139822699538176] INFO perfrun.perfcollector <> - eventName : FP_ARITH_INST_RETIRED.256B_PACKED_SINGLE , eventId : 8
98 [139822699538176] INFO perfrun.perfcollector <> - DRY_RUN : "FP_ARITH_INST_RETIRED.SCALAR_DOUBLE: event id 9"
98 [139822699538176] INFO perfrun.perfcollector <> - eventName : FP_ARITH_INST_RETIRED.SCALAR_DOUBLE , eventId : 9
98 [139822699538176] INFO perfrun.perfcollector <> - DRY_RUN : "FP_ARITH_INST_RETIRED.128B_PACKED_DOUBLE: event id 10"
98 [139822699538176] INFO perfrun.perfcollector <> - eventName : FP_ARITH_INST_RETIRED.128B_PACKED_DOUBLE , eventId : 10
98 [139822699538176] INFO perfrun.perfcollector <> - DRY_RUN : "CCCR"
98 [139822699538176] INFO perfrun.perfcollector <> - DRY_RUN : "reg_type       = 1	event_id       = g	reg_id         = 38f	reg_value      = 7000000ff"
98 [139822699538176] INFO perfrun.perfcollector <> - eventId : g , ignored
98 [139822699538176] INFO perfrun.perfcollector <> - DRY_RUN : "reg_type       = 1	event_id       = g	reg_id         = 390	reg_value      = 7000000ff"
98 [139822699538176] INFO perfrun.perfcollector <> - eventId : g , ignored
98 [139822699538176] INFO perfrun.perfcollector <> - DRY_RUN : "reg_type       = 1	event_id       = g	reg_id         = 3f1	reg_value      = 0"
98 [139822699538176] INFO perfrun.perfcollector <> - eventId : g , ignored
98 [139822699538176] INFO perfrun.perfcollector <> - DRY_RUN : "reg_type       = 1	event_id       = g	reg_id         = 1d9	reg_value      = 1800"
98 [139822699538176] INFO perfrun.perfcollector <> - eventId : g , ignored
98 [139822699538176] INFO perfrun.perfcollector <> - DRY_RUN : "reg_type       = 1	event_id       = g	reg_id         = 38d	reg_value      = bbb"
98 [139822699538176] INFO perfrun.perfcollector <> - eventId : g , ignored
98 [139822699538176] INFO perfrun.perfcollector <> - DRY_RUN : "reg_type       = 1	event_id       = 3	reg_id         = 186	reg_value      = 53013c"
98 [139822699538176] INFO perfrun.perfcollector <> - eventId : 3 , cccrAddr : 186 , cccrVal : 53013c
98 [139822699538176] INFO perfrun.perfcollector <> - DRY_RUN : "reg_type       = 1	event_id       = 4	reg_id         = 187	reg_value      = 53023c"
98 [139822699538176] INFO perfrun.perfcollector <> - eventId : 4 , cccrAddr : 187 , cccrVal : 53023c
98 [139822699538176] INFO perfrun.perfcollector <> - DRY_RUN : "reg_type       = 1	event_id       = 5	reg_id         = 188	reg_value      = 5302c2"
98 [139822699538176] INFO perfrun.perfcollector <> - eventId : 5 , cccrAddr : 188 , cccrVal : 5302c2
98 [139822699538176] INFO perfrun.perfcollector <> - DRY_RUN : "reg_type       = 1	event_id       = 6	reg_id         = 189	reg_value      = 5302c7"
98 [139822699538176] INFO perfrun.perfcollector <> - eventId : 6 , cccrAddr : 189 , cccrVal : 5302c7
98 [139822699538176] INFO perfrun.perfcollector <> - DRY_RUN : "reg_type       = 1	event_id       = 7	reg_id         = 18a	reg_value      = 5308c7"
98 [139822699538176] INFO perfrun.perfcollector <> - eventId : 7 , cccrAddr : 18a , cccrVal : 5308c7
98 [139822699538176] INFO perfrun.perfcollector <> - DRY_RUN : "reg_type       = 1	event_id       = 8	reg_id         = 18b	reg_value      = 5320c7"
98 [139822699538176] INFO perfrun.perfcollector <> - eventId : 8 , cccrAddr : 18b , cccrVal : 5320c7
98 [139822699538176] INFO perfrun.perfcollector <> - DRY_RUN : "reg_type       = 1	event_id       = 9	reg_id         = 18c	reg_value      = 5301c7"
98 [139822699538176] INFO perfrun.perfcollector <> - eventId : 9 , cccrAddr : 18c , cccrVal : 5301c7
98 [139822699538176] INFO perfrun.perfcollector <> - DRY_RUN : "reg_type       = 1	event_id       = 10	reg_id         = 18d	reg_value      = 5304c7"
98 [139822699538176] INFO perfrun.perfcollector <> - eventId : 10 , cccrAddr : 18d , cccrVal : 5304c7
98 [139822699538176] INFO perfrun.perfcollector <> - DRY_RUN : "ESCR"
98 [139822699538176] INFO perfrun.perfcollector <> - DRY_RUN : "reg_type       = 2	event_id       = g	reg_id         = 1c8	reg_value      = 0"
98 [139822699538176] INFO perfrun.perfcollector <> - eventId : g , ignored
98 [139822699538176] INFO perfrun.perfcollector <> - DRY_RUN : "DATA"
98 [139822699538176] INFO perfrun.perfcollector <> - DRY_RUN : "reg_type       = 4	event_id       = 2	reg_id         = 309	reg_value      = ffffffca9820"
98 [139822699538176] INFO perfrun.perfcollector <> - eventId : 2 , dataAddr : 309 , dataVal : ffffffca9820
98 [139822699538176] INFO perfrun.perfcollector <> - DRY_RUN : "reg_type       = 4	event_id       = 0	reg_id         = 30a	reg_value      = ffffffca9820"
98 [139822699538176] INFO perfrun.perfcollector <> - eventId : 0 , dataAddr : 30a , dataVal : ffffffca9820
98 [139822699538176] INFO perfrun.perfcollector <> - DRY_RUN : "reg_type       = 4	event_id       = 1	reg_id         = 30b	reg_value      = ffffffca9820"
98 [139822699538176] INFO perfrun.perfcollector <> - eventId : 1 , dataAddr : 30b , dataVal : ffffffca9820
98 [139822699538176] INFO perfrun.perfcollector <> - DRY_RUN : "reg_type       = 4	event_id       = 3	reg_id         = c1	reg_value      = fffffffe795d"
98 [139822699538176] INFO perfrun.perfcollector <> - eventId : 3 , dataAddr : c1 , dataVal : fffffffe795d
98 [139822699538176] INFO perfrun.perfcollector <> - DRY_RUN : "reg_type       = 4	event_id       = 4	reg_id         = c2	reg_value      = fffffffe795d"
98 [139822699538176] INFO perfrun.perfcollector <> - eventId : 4 , dataAddr : c2 , dataVal : fffffffe795d
98 [139822699538176] INFO perfrun.perfcollector <> - DRY_RUN : "reg_type       = 4	event_id       = 5	reg_id         = c3	reg_value      = ffffffe17b7d"
98 [139822699538176] INFO perfrun.perfcollector <> - eventId : 5 , dataAddr : c3 , dataVal : ffffffe17b7d
98 [139822699538176] INFO perfrun.perfcollector <> - DRY_RUN : "reg_type       = 4	event_id       = 6	reg_id         = c4	reg_value      = ffffffe17b7d"
98 [139822699538176] INFO perfrun.perfcollector <> - eventId : 6 , dataAddr : c4 , dataVal : ffffffe17b7d
98 [139822699538176] INFO perfrun.perfcollector <> - DRY_RUN : "reg_type       = 4	event_id       = 7	reg_id         = c5	reg_value      = ffffffe17b7d"
98 [139822699538176] INFO perfrun.perfcollector <> - eventId : 7 , dataAddr : c5 , dataVal : ffffffe17b7d
98 [139822699538176] INFO perfrun.perfcollector <> - DRY_RUN : "reg_type       = 4	event_id       = 8	reg_id         = c6	reg_value      = ffffffe17b7d"
98 [139822699538176] INFO perfrun.perfcollector <> - eventId : 8 , dataAddr : c6 , dataVal : ffffffe17b7d
98 [139822699538176] INFO perfrun.perfcollector <> - DRY_RUN : "reg_type       = 4	event_id       = 9	reg_id         = c7	reg_value      = ffffffe17b7d"
98 [139822699538176] INFO perfrun.perfcollector <> - eventId : 9 , dataAddr : c7 , dataVal : ffffffe17b7d
98 [139822699538176] INFO perfrun.perfcollector <> - DRY_RUN : "reg_type       = 4	event_id       = 10	reg_id         = c8	reg_value      = ffffffe17b7d"
98 [139822699538176] INFO perfrun.perfcollector <> - eventId : 10 , dataAddr : c8 , dataVal : ffffffe17b7d
98 [139822699538176] INFO perfrun.perfcollector <> - DRY_RUN : "Group 1:"
98 [139822699538176] INFO perfrun.perfcollector <> - id : 1
98 [139822699538176] INFO perfrun.perfcollector <> - DRY_RUN : "INST_RETIRED.ANY: event id 2"
98 [139822699538176] INFO perfrun.perfcollector <> - eventName : INST_RETIRED.ANY , eventId : 2
98 [139822699538176] INFO perfrun.perfcollector <> - DRY_RUN : "CPU_CLK_UNHALTED.THREAD: event id 0"
98 [139822699538176] INFO perfrun.perfcollector <> - eventName : CPU_CLK_UNHALTED.THREAD , eventId : 0
98 [139822699538176] INFO perfrun.perfcollector <> - DRY_RUN : "CPU_CLK_UNHALTED.REF_TSC: event id 1"
98 [139822699538176] INFO perfrun.perfcollector <> - eventName : CPU_CLK_UNHALTED.REF_TSC , eventId : 1
98 [139822699538176] INFO perfrun.perfcollector <> - DRY_RUN : "FP_ARITH_INST_RETIRED.256B_PACKED_DOUBLE: event id 11"
98 [139822699538176] INFO perfrun.perfcollector <> - eventName : FP_ARITH_INST_RETIRED.256B_PACKED_DOUBLE , eventId : 11
98 [139822699538176] INFO perfrun.perfcollector <> - DRY_RUN : "UOPS_EXECUTED.X87: event id 12"
98 [139822699538176] INFO perfrun.perfcollector <> - eventName : UOPS_EXECUTED.X87 , eventId : 12
98 [139822699538176] INFO perfrun.perfcollector <> - DRY_RUN : "UOPS_EXECUTED.THREAD: event id 13"
98 [139822699538176] INFO perfrun.perfcollector <> - eventName : UOPS_EXECUTED.THREAD , eventId : 13
98 [139822699538176] INFO perfrun.perfcollector <> - DRY_RUN : "CCCR"
98 [139822699538176] INFO perfrun.perfcollector <> - DRY_RUN : "reg_type       = 1	event_id       = g	reg_id         = 38f	reg_value      = 700000007"
98 [139822699538176] INFO perfrun.perfcollector <> - eventId : g , ignored
98 [139822699538176] INFO perfrun.perfcollector <> - DRY_RUN : "reg_type       = 1	event_id       = g	reg_id         = 390	reg_value      = 700000007"
98 [139822699538176] INFO perfrun.perfcollector <> - eventId : g , ignored
98 [139822699538176] INFO perfrun.perfcollector <> - DRY_RUN : "reg_type       = 1	event_id       = g	reg_id         = 3f1	reg_value      = 0"
98 [139822699538176] INFO perfrun.perfcollector <> - eventId : g , ignored
98 [139822699538176] INFO perfrun.perfcollector <> - DRY_RUN : "reg_type       = 1	event_id       = g	reg_id         = 1d9	reg_value      = 1800"
98 [139822699538176] INFO perfrun.perfcollector <> - eventId : g , ignored
98 [139822699538176] INFO perfrun.perfcollector <> - DRY_RUN : "reg_type       = 1	event_id       = g	reg_id         = 38d	reg_value      = bbb"
98 [139822699538176] INFO perfrun.perfcollector <> - eventId : g , ignored
98 [139822699538176] INFO perfrun.perfcollector <> - DRY_RUN : "reg_type       = 1	event_id       = 11	reg_id         = 186	reg_value      = 5310c7"
98 [139822699538176] INFO perfrun.perfcollector <> - eventId : 11 , cccrAddr : 186 , cccrVal : 5310c7
98 [139822699538176] INFO perfrun.perfcollector <> - DRY_RUN : "reg_type       = 1	event_id       = 12	reg_id         = 187	reg_value      = 5310b1"
98 [139822699538176] INFO perfrun.perfcollector <> - eventId : 12 , cccrAddr : 187 , cccrVal : 5310b1
98 [139822699538176] INFO perfrun.perfcollector <> - DRY_RUN : "reg_type       = 1	event_id       = 13	reg_id         = 188	reg_value      = 5301b1"
98 [139822699538176] INFO perfrun.perfcollector <> - eventId : 13 , cccrAddr : 188 , cccrVal : 5301b1
98 [139822699538176] INFO perfrun.perfcollector <> - DRY_RUN : "ESCR"
98 [139822699538176] INFO perfrun.perfcollector <> - DRY_RUN : "reg_type       = 2	event_id       = g	reg_id         = 1c8	reg_value      = 0"
98 [139822699538176] INFO perfrun.perfcollector <> - eventId : g , ignored
98 [139822699538176] INFO perfrun.perfcollector <> - DRY_RUN : "DATA"
98 [139822699538176] INFO perfrun.perfcollector <> - DRY_RUN : "reg_type       = 4	event_id       = 2	reg_id         = 309	reg_value      = ffffffca9820"
98 [139822699538176] INFO perfrun.perfcollector <> - eventId : 2 , dataAddr : 309 , dataVal : ffffffca9820
98 [139822699538176] INFO perfrun.perfcollector <> - DRY_RUN : "reg_type       = 4	event_id       = 0	reg_id         = 30a	reg_value      = ffffffca9820"
98 [139822699538176] INFO perfrun.perfcollector <> - eventId : 0 , dataAddr : 30a , dataVal : ffffffca9820
98 [139822699538176] INFO perfrun.perfcollector <> - DRY_RUN : "reg_type       = 4	event_id       = 1	reg_id         = 30b	reg_value      = ffffffca9820"
98 [139822699538176] INFO perfrun.perfcollector <> - eventId : 1 , dataAddr : 30b , dataVal : ffffffca9820
98 [139822699538176] INFO perfrun.perfcollector <> - DRY_RUN : "reg_type       = 4	event_id       = 11	reg_id         = c1	reg_value      = ffffffe17b7d"
98 [139822699538176] INFO perfrun.perfcollector <> - eventId : 11 , dataAddr : c1 , dataVal : ffffffe17b7d
98 [139822699538176] INFO perfrun.perfcollector <> - DRY_RUN : "reg_type       = 4	event_id       = 12	reg_id         = c2	reg_value      = ffffffe17b7d"
98 [139822699538176] INFO perfrun.perfcollector <> - eventId : 12 , dataAddr : c2 , dataVal : ffffffe17b7d
98 [139822699538176] INFO perfrun.perfcollector <> - DRY_RUN : "reg_type       = 4	event_id       = 13	reg_id         = c3	reg_value      = ffffffe17b7d"
98 [139822699538176] INFO perfrun.perfcollector <> - eventId : 13 , dataAddr : c3 , dataVal : ffffffe17b7d
98 [139822699538176] INFO perfrun.perfcollector <> - pmu config : cpu , m_cccrAddr : ffffffff , m_cccrVal : 0 , m_escrAddr : ffffffff , m_escrVal : 0 , m_dataAddr : 30a , m_dataVal : ffffffffffca9820
98 [139822699538176] INFO perfrun.perfcollector <> - config : event : 3c
98 [139822699538176] INFO perfrun.perfcollector <> - config : pc : 0
98 [139822699538176] INFO perfrun.perfcollector <> - config : in_tx : 0
98 [139822699538176] INFO perfrun.perfcollector <> - config : edge : 0
98 [139822699538176] INFO perfrun.perfcollector <> - config : any : 0
98 [139822699538176] INFO perfrun.perfcollector <> - config1 : offcore_rsp : 0
98 [139822699538176] INFO perfrun.perfcollector <> - config : in_tx_cp : 0
98 [139822699538176] INFO perfrun.perfcollector <> - config1 : ldlat : 0
98 [139822699538176] INFO perfrun.perfcollector <> - config : inv : 0
98 [139822699538176] INFO perfrun.perfcollector <> - config : umask : 0
98 [139822699538176] INFO perfrun.perfcollector <> - config1 : frontend : 0
98 [139822699538176] INFO perfrun.perfcollector <> - config : cmask : 0
98 [139822699538176] INFO perfrun.perfcollector <> - format : cpu/period=0x3567e0,event=0x3c,name='CPU_CLK_UNHALTED.THREAD'/D
98 [139822699538176] INFO perfrun.perfcollector <> - pmu config : cpu , m_cccrAddr : ffffffff , m_cccrVal : 0 , m_escrAddr : ffffffff , m_escrVal : 0 , m_dataAddr : 30b , m_dataVal : ffffffffffca9820
98 [139822699538176] INFO perfrun.perfcollector <> - config : event : 0
98 [139822699538176] INFO perfrun.perfcollector <> - config : pc : 0
98 [139822699538176] INFO perfrun.perfcollector <> - config : in_tx : 0
98 [139822699538176] INFO perfrun.perfcollector <> - config : edge : 0
98 [139822699538176] INFO perfrun.perfcollector <> - config : any : 0
98 [139822699538176] INFO perfrun.perfcollector <> - config1 : offcore_rsp : 0
98 [139822699538176] INFO perfrun.perfcollector <> - config : in_tx_cp : 0
98 [139822699538176] INFO perfrun.perfcollector <> - config1 : ldlat : 0
98 [139822699538176] INFO perfrun.perfcollector <> - config : inv : 0
98 [139822699538176] INFO perfrun.perfcollector <> - config : umask : 3
98 [139822699538176] INFO perfrun.perfcollector <> - config1 : frontend : 0
98 [139822699538176] INFO perfrun.perfcollector <> - config : cmask : 0
98 [139822699538176] INFO perfrun.perfcollector <> - format : cpu/period=0x3567e0,umask=0x3,name='CPU_CLK_UNHALTED.REF_TSC'/D
98 [139822699538176] INFO perfrun.perfcollector <> - pmu config : cpu , m_cccrAddr : ffffffff , m_cccrVal : 0 , m_escrAddr : ffffffff , m_escrVal : 0 , m_dataAddr : 309 , m_dataVal : ffffffffffca9820
98 [139822699538176] INFO perfrun.perfcollector <> - config : event : c0
98 [139822699538176] INFO perfrun.perfcollector <> - config : pc : 0
98 [139822699538176] INFO perfrun.perfcollector <> - config : in_tx : 0
99 [139822699538176] INFO perfrun.perfcollector <> - config : edge : 0
99 [139822699538176] INFO perfrun.perfcollector <> - config : any : 0
99 [139822699538176] INFO perfrun.perfcollector <> - config1 : offcore_rsp : 0
99 [139822699538176] INFO perfrun.perfcollector <> - config : in_tx_cp : 0
99 [139822699538176] INFO perfrun.perfcollector <> - config1 : ldlat : 0
99 [139822699538176] INFO perfrun.perfcollector <> - config : inv : 0
99 [139822699538176] INFO perfrun.perfcollector <> - config : umask : 0
99 [139822699538176] INFO perfrun.perfcollector <> - config1 : frontend : 0
99 [139822699538176] INFO perfrun.perfcollector <> - config : cmask : 0
99 [139822699538176] INFO perfrun.perfcollector <> - format : cpu/period=0x3567e0,event=0xc0,name='INST_RETIRED.ANY'/D
99 [139822699538176] INFO perfrun.perfcollector <> - pmu config : cpu , m_cccrAddr : 186 , m_cccrVal : 53013c , m_escrAddr : ffffffff , m_escrVal : 0 , m_dataAddr : c1 , m_dataVal : fffffffffffe795d
99 [139822699538176] INFO perfrun.perfcollector <> - config : event : 3c
99 [139822699538176] INFO perfrun.perfcollector <> - config : pc : 0
99 [139822699538176] INFO perfrun.perfcollector <> - config : in_tx : 0
99 [139822699538176] INFO perfrun.perfcollector <> - config : edge : 0
99 [139822699538176] INFO perfrun.perfcollector <> - config : any : 0
99 [139822699538176] INFO perfrun.perfcollector <> - config1 : offcore_rsp : 0
99 [139822699538176] INFO perfrun.perfcollector <> - config : in_tx_cp : 0
99 [139822699538176] INFO perfrun.perfcollector <> - config1 : ldlat : 0
99 [139822699538176] INFO perfrun.perfcollector <> - config : inv : 0
99 [139822699538176] INFO perfrun.perfcollector <> - config : umask : 1
99 [139822699538176] INFO perfrun.perfcollector <> - config1 : frontend : 0
99 [139822699538176] INFO perfrun.perfcollector <> - config : cmask : 0
99 [139822699538176] INFO perfrun.perfcollector <> - format : cpu/period=0x186a3,event=0x3c,umask=0x1,name='CPU_CLK_UNHALTED.REF_XCLK'/
99 [139822699538176] INFO perfrun.perfcollector <> - pmu config : cpu , m_cccrAddr : 187 , m_cccrVal : 53023c , m_escrAddr : ffffffff , m_escrVal : 0 , m_dataAddr : c2 , m_dataVal : fffffffffffe795d
99 [139822699538176] INFO perfrun.perfcollector <> - config : event : 3c
99 [139822699538176] INFO perfrun.perfcollector <> - config : pc : 0
99 [139822699538176] INFO perfrun.perfcollector <> - config : in_tx : 0
99 [139822699538176] INFO perfrun.perfcollector <> - config : edge : 0
99 [139822699538176] INFO perfrun.perfcollector <> - config : any : 0
99 [139822699538176] INFO perfrun.perfcollector <> - config1 : offcore_rsp : 0
99 [139822699538176] INFO perfrun.perfcollector <> - config : in_tx_cp : 0
99 [139822699538176] INFO perfrun.perfcollector <> - config1 : ldlat : 0
99 [139822699538176] INFO perfrun.perfcollector <> - config : inv : 0
99 [139822699538176] INFO perfrun.perfcollector <> - config : umask : 2
99 [139822699538176] INFO perfrun.perfcollector <> - config1 : frontend : 0
99 [139822699538176] INFO perfrun.perfcollector <> - config : cmask : 0
99 [139822699538176] INFO perfrun.perfcollector <> - format : cpu/period=0x186a3,event=0x3c,umask=0x2,name='CPU_CLK_UNHALTED.ONE_THREAD_ACTIVE'/
99 [139822699538176] INFO perfrun.perfcollector <> - pmu config : cpu , m_cccrAddr : 188 , m_cccrVal : 5302c2 , m_escrAddr : ffffffff , m_escrVal : 0 , m_dataAddr : c3 , m_dataVal : ffffffffffe17b7d
99 [139822699538176] INFO perfrun.perfcollector <> - config : event : c2
99 [139822699538176] INFO perfrun.perfcollector <> - config : pc : 0
99 [139822699538176] INFO perfrun.perfcollector <> - config : in_tx : 0
99 [139822699538176] INFO perfrun.perfcollector <> - config : edge : 0
99 [139822699538176] INFO perfrun.perfcollector <> - config : any : 0
99 [139822699538176] INFO perfrun.perfcollector <> - config1 : offcore_rsp : 0
99 [139822699538176] INFO perfrun.perfcollector <> - config : in_tx_cp : 0
99 [139822699538176] INFO perfrun.perfcollector <> - config1 : ldlat : 0
99 [139822699538176] INFO perfrun.perfcollector <> - config : inv : 0
99 [139822699538176] INFO perfrun.perfcollector <> - config : umask : 2
99 [139822699538176] INFO perfrun.perfcollector <> - config1 : frontend : 0
99 [139822699538176] INFO perfrun.perfcollector <> - config : cmask : 0
99 [139822699538176] INFO perfrun.perfcollector <> - format : cpu/period=0x1e8483,event=0xc2,umask=0x2,name='UOPS_RETIRED.RETIRE_SLOTS'/
99 [139822699538176] INFO perfrun.perfcollector <> - pmu config : cpu , m_cccrAddr : 189 , m_cccrVal : 5302c7 , m_escrAddr : ffffffff , m_escrVal : 0 , m_dataAddr : c4 , m_dataVal : ffffffffffe17b7d
99 [139822699538176] INFO perfrun.perfcollector <> - config : event : c7
99 [139822699538176] INFO perfrun.perfcollector <> - config : pc : 0
99 [139822699538176] INFO perfrun.perfcollector <> - config : in_tx : 0
99 [139822699538176] INFO perfrun.perfcollector <> - config : edge : 0
99 [139822699538176] INFO perfrun.perfcollector <> - config : any : 0
99 [139822699538176] INFO perfrun.perfcollector <> - config1 : offcore_rsp : 0
99 [139822699538176] INFO perfrun.perfcollector <> - config : in_tx_cp : 0
99 [139822699538176] INFO perfrun.perfcollector <> - config1 : ldlat : 0
99 [139822699538176] INFO perfrun.perfcollector <> - config : inv : 0
99 [139822699538176] INFO perfrun.perfcollector <> - config : umask : 2
99 [139822699538176] INFO perfrun.perfcollector <> - config1 : frontend : 0
99 [139822699538176] INFO perfrun.perfcollector <> - config : cmask : 0
99 [139822699538176] INFO perfrun.perfcollector <> - format : cpu/period=0x1e8483,event=0xc7,umask=0x2,name='FP_ARITH_INST_RETIRED.SCALAR_SINGLE'/
99 [139822699538176] INFO perfrun.perfcollector <> - pmu config : cpu , m_cccrAddr : 18a , m_cccrVal : 5308c7 , m_escrAddr : ffffffff , m_escrVal : 0 , m_dataAddr : c5 , m_dataVal : ffffffffffe17b7d
99 [139822699538176] INFO perfrun.perfcollector <> - config : event : c7
99 [139822699538176] INFO perfrun.perfcollector <> - config : pc : 0
99 [139822699538176] INFO perfrun.perfcollector <> - config : in_tx : 0
99 [139822699538176] INFO perfrun.perfcollector <> - config : edge : 0
99 [139822699538176] INFO perfrun.perfcollector <> - config : any : 0
99 [139822699538176] INFO perfrun.perfcollector <> - config1 : offcore_rsp : 0
99 [139822699538176] INFO perfrun.perfcollector <> - config : in_tx_cp : 0
99 [139822699538176] INFO perfrun.perfcollector <> - config1 : ldlat : 0
99 [139822699538176] INFO perfrun.perfcollector <> - config : inv : 0
99 [139822699538176] INFO perfrun.perfcollector <> - config : umask : 8
99 [139822699538176] INFO perfrun.perfcollector <> - config1 : frontend : 0
99 [139822699538176] INFO perfrun.perfcollector <> - config : cmask : 0
99 [139822699538176] INFO perfrun.perfcollector <> - format : cpu/period=0x1e8483,event=0xc7,umask=0x8,name='FP_ARITH_INST_RETIRED.128B_PACKED_SINGLE'/
99 [139822699538176] INFO perfrun.perfcollector <> - pmu config : cpu , m_cccrAddr : 18b , m_cccrVal : 5320c7 , m_escrAddr : ffffffff , m_escrVal : 0 , m_dataAddr : c6 , m_dataVal : ffffffffffe17b7d
99 [139822699538176] INFO perfrun.perfcollector <> - config : event : c7
99 [139822699538176] INFO perfrun.perfcollector <> - config : pc : 0
99 [139822699538176] INFO perfrun.perfcollector <> - config : in_tx : 0
99 [139822699538176] INFO perfrun.perfcollector <> - config : edge : 0
99 [139822699538176] INFO perfrun.perfcollector <> - config : any : 0
99 [139822699538176] INFO perfrun.perfcollector <> - config1 : offcore_rsp : 0
99 [139822699538176] INFO perfrun.perfcollector <> - config : in_tx_cp : 0
99 [139822699538176] INFO perfrun.perfcollector <> - config1 : ldlat : 0
99 [139822699538176] INFO perfrun.perfcollector <> - config : inv : 0
99 [139822699538176] INFO perfrun.perfcollector <> - config : umask : 20
99 [139822699538176] INFO perfrun.perfcollector <> - config1 : frontend : 0
99 [139822699538176] INFO perfrun.perfcollector <> - config : cmask : 0
99 [139822699538176] INFO perfrun.perfcollector <> - format : cpu/period=0x1e8483,event=0xc7,umask=0x20,name='FP_ARITH_INST_RETIRED.256B_PACKED_SINGLE'/
99 [139822699538176] INFO perfrun.perfcollector <> - pmu config : cpu , m_cccrAddr : 18c , m_cccrVal : 5301c7 , m_escrAddr : ffffffff , m_escrVal : 0 , m_dataAddr : c7 , m_dataVal : ffffffffffe17b7d
99 [139822699538176] INFO perfrun.perfcollector <> - config : event : c7
99 [139822699538176] INFO perfrun.perfcollector <> - config : pc : 0
99 [139822699538176] INFO perfrun.perfcollector <> - config : in_tx : 0
99 [139822699538176] INFO perfrun.perfcollector <> - config : edge : 0
99 [139822699538176] INFO perfrun.perfcollector <> - config : any : 0
99 [139822699538176] INFO perfrun.perfcollector <> - config1 : offcore_rsp : 0
99 [139822699538176] INFO perfrun.perfcollector <> - config : in_tx_cp : 0
99 [139822699538176] INFO perfrun.perfcollector <> - config1 : ldlat : 0
99 [139822699538176] INFO perfrun.perfcollector <> - config : inv : 0
99 [139822699538176] INFO perfrun.perfcollector <> - config : umask : 1
99 [139822699538176] INFO perfrun.perfcollector <> - config1 : frontend : 0
99 [139822699538176] INFO perfrun.perfcollector <> - config : cmask : 0
99 [139822699538176] INFO perfrun.perfcollector <> - format : cpu/period=0x1e8483,event=0xc7,umask=0x1,name='FP_ARITH_INST_RETIRED.SCALAR_DOUBLE'/
99 [139822699538176] INFO perfrun.perfcollector <> - pmu config : cpu , m_cccrAddr : 18d , m_cccrVal : 5304c7 , m_escrAddr : ffffffff , m_escrVal : 0 , m_dataAddr : c8 , m_dataVal : ffffffffffe17b7d
99 [139822699538176] INFO perfrun.perfcollector <> - config : event : c7
99 [139822699538176] INFO perfrun.perfcollector <> - config : pc : 0
99 [139822699538176] INFO perfrun.perfcollector <> - config : in_tx : 0
99 [139822699538176] INFO perfrun.perfcollector <> - config : edge : 0
99 [139822699538176] INFO perfrun.perfcollector <> - config : any : 0
99 [139822699538176] INFO perfrun.perfcollector <> - config1 : offcore_rsp : 0
99 [139822699538176] INFO perfrun.perfcollector <> - config : in_tx_cp : 0
99 [139822699538176] INFO perfrun.perfcollector <> - config1 : ldlat : 0
99 [139822699538176] INFO perfrun.perfcollector <> - config : inv : 0
99 [139822699538176] INFO perfrun.perfcollector <> - config : umask : 4
99 [139822699538176] INFO perfrun.perfcollector <> - config1 : frontend : 0
99 [139822699538176] INFO perfrun.perfcollector <> - config : cmask : 0
99 [139822699538176] INFO perfrun.perfcollector <> - format : cpu/period=0x1e8483,event=0xc7,umask=0x4,name='FP_ARITH_INST_RETIRED.128B_PACKED_DOUBLE'/
99 [139822699538176] INFO perfrun.perfcollector <> - pmu config : cpu , m_cccrAddr : 186 , m_cccrVal : 5310c7 , m_escrAddr : ffffffff , m_escrVal : 0 , m_dataAddr : c1 , m_dataVal : ffffffffffe17b7d
99 [139822699538176] INFO perfrun.perfcollector <> - config : event : c7
99 [139822699538176] INFO perfrun.perfcollector <> - config : pc : 0
99 [139822699538176] INFO perfrun.perfcollector <> - config : in_tx : 0
99 [139822699538176] INFO perfrun.perfcollector <> - config : edge : 0
99 [139822699538176] INFO perfrun.perfcollector <> - config : any : 0
99 [139822699538176] INFO perfrun.perfcollector <> - config1 : offcore_rsp : 0
99 [139822699538176] INFO perfrun.perfcollector <> - config : in_tx_cp : 0
99 [139822699538176] INFO perfrun.perfcollector <> - config1 : ldlat : 0
99 [139822699538176] INFO perfrun.perfcollector <> - config : inv : 0
99 [139822699538176] INFO perfrun.perfcollector <> - config : umask : 10
99 [139822699538176] INFO perfrun.perfcollector <> - config1 : frontend : 0
99 [139822699538176] INFO perfrun.perfcollector <> - config : cmask : 0
99 [139822699538176] INFO perfrun.perfcollector <> - format : cpu/period=0x1e8483,event=0xc7,umask=0x10,name='FP_ARITH_INST_RETIRED.256B_PACKED_DOUBLE'/
99 [139822699538176] INFO perfrun.perfcollector <> - pmu config : cpu , m_cccrAddr : 187 , m_cccrVal : 5310b1 , m_escrAddr : ffffffff , m_escrVal : 0 , m_dataAddr : c2 , m_dataVal : ffffffffffe17b7d
99 [139822699538176] INFO perfrun.perfcollector <> - config : event : b1
99 [139822699538176] INFO perfrun.perfcollector <> - config : pc : 0
99 [139822699538176] INFO perfrun.perfcollector <> - config : in_tx : 0
99 [139822699538176] INFO perfrun.perfcollector <> - config : edge : 0
99 [139822699538176] INFO perfrun.perfcollector <> - config : any : 0
99 [139822699538176] INFO perfrun.perfcollector <> - config1 : offcore_rsp : 0
99 [139822699538176] INFO perfrun.perfcollector <> - config : in_tx_cp : 0
99 [139822699538176] INFO perfrun.perfcollector <> - config1 : ldlat : 0
99 [139822699538176] INFO perfrun.perfcollector <> - config : inv : 0
99 [139822699538176] INFO perfrun.perfcollector <> - config : umask : 10
99 [139822699538176] INFO perfrun.perfcollector <> - config1 : frontend : 0
99 [139822699538176] INFO perfrun.perfcollector <> - config : cmask : 0
99 [139822699538176] INFO perfrun.perfcollector <> - format : cpu/period=0x1e8483,event=0xb1,umask=0x10,name='UOPS_EXECUTED.X87'/
99 [139822699538176] INFO perfrun.perfcollector <> - pmu config : cpu , m_cccrAddr : 188 , m_cccrVal : 5301b1 , m_escrAddr : ffffffff , m_escrVal : 0 , m_dataAddr : c3 , m_dataVal : ffffffffffe17b7d
99 [139822699538176] INFO perfrun.perfcollector <> - config : event : b1
99 [139822699538176] INFO perfrun.perfcollector <> - config : pc : 0
99 [139822699538176] INFO perfrun.perfcollector <> - config : in_tx : 0
99 [139822699538176] INFO perfrun.perfcollector <> - config : edge : 0
99 [139822699538176] INFO perfrun.perfcollector <> - config : any : 0
99 [139822699538176] INFO perfrun.perfcollector <> - config1 : offcore_rsp : 0
99 [139822699538176] INFO perfrun.perfcollector <> - config : in_tx_cp : 0
99 [139822699538176] INFO perfrun.perfcollector <> - config1 : ldlat : 0
99 [139822699538176] INFO perfrun.perfcollector <> - config : inv : 0
99 [139822699538176] INFO perfrun.perfcollector <> - config : umask : 1
99 [139822699538176] INFO perfrun.perfcollector <> - config1 : frontend : 0
99 [139822699538176] INFO perfrun.perfcollector <> - config : cmask : 0
99 [139822699538176] INFO perfrun.perfcollector <> - format : cpu/period=0x1e8483,event=0xb1,umask=0x1,name='UOPS_EXECUTED.THREAD'/
99 [139822699538176] INFO perfrun.perfcollector <> - event: cpu/period=0x3567e0,event=0x3c,name='CPU_CLK_UNHALTED.THREAD'/Duk , added for sampling
99 [139822699538176] INFO perfrun.perfcollector <> - event: cpu/period=0x3567e0,umask=0x3,name='CPU_CLK_UNHALTED.REF_TSC'/Duk , added for sampling
99 [139822699538176] INFO perfrun.perfcollector <> - event: cpu/period=0x3567e0,event=0xc0,name='INST_RETIRED.ANY'/Duk , added for sampling
99 [139822699538176] INFO perfrun.perfcollector <> - event: cpu/period=0x186a3,event=0x3c,umask=0x1,name='CPU_CLK_UNHALTED.REF_XCLK'/uk , added for sampling
99 [139822699538176] INFO perfrun.perfcollector <> - event: cpu/period=0x186a3,event=0x3c,umask=0x2,name='CPU_CLK_UNHALTED.ONE_THREAD_ACTIVE'/uk , added for sampling
99 [139822699538176] INFO perfrun.perfcollector <> - event: cpu/period=0x1e8483,event=0xc2,umask=0x2,name='UOPS_RETIRED.RETIRE_SLOTS'/uk , added for sampling
99 [139822699538176] INFO perfrun.perfcollector <> - event: cpu/period=0x1e8483,event=0xc7,umask=0x2,name='FP_ARITH_INST_RETIRED.SCALAR_SINGLE'/uk , added for sampling
99 [139822699538176] INFO perfrun.perfcollector <> - event: cpu/period=0x1e8483,event=0xc7,umask=0x8,name='FP_ARITH_INST_RETIRED.128B_PACKED_SINGLE'/uk , added for sampling
99 [139822699538176] INFO perfrun.perfcollector <> - event: cpu/period=0x1e8483,event=0xc7,umask=0x20,name='FP_ARITH_INST_RETIRED.256B_PACKED_SINGLE'/uk , added for sampling
99 [139822699538176] INFO perfrun.perfcollector <> - event: cpu/period=0x1e8483,event=0xc7,umask=0x1,name='FP_ARITH_INST_RETIRED.SCALAR_DOUBLE'/uk , added for sampling
99 [139822699538176] INFO perfrun.perfcollector <> - event: cpu/period=0x1e8483,event=0xc7,umask=0x4,name='FP_ARITH_INST_RETIRED.128B_PACKED_DOUBLE'/uk , added for sampling
99 [139822699538176] INFO perfrun.perfcollector <> - event: cpu/period=0x1e8483,event=0xc7,umask=0x10,name='FP_ARITH_INST_RETIRED.256B_PACKED_DOUBLE'/uk , added for sampling
99 [139822699538176] INFO perfrun.perfcollector <> - event: cpu/period=0x1e8483,event=0xb1,umask=0x10,name='UOPS_EXECUTED.X87'/uk , added for sampling
99 [139822699538176] INFO perfrun.perfcollector <> - event: cpu/period=0x1e8483,event=0xb1,umask=0x1,name='UOPS_EXECUTED.THREAD'/uk , added for sampling
99 [139822684980992] INFO perfrun.perfcollector <> - Path to Perf control pipe: /tmp/amplxe-tmp-funbotan/perf-pipe-7305-8392034070244
99 [139822684980992] INFO perfrun.perfcollector <> - Monitor: runCmd: "/home/funbotan/intel/vtune_amplifier_2019.6.0.602217/bin64/amplxe-perf" record --pipe "/tmp/amplxe-tmp-funbotan/perf-pipe-7305-8392034070244" --pipe-sync -o "/home/funbotan/eclipse-workspace/lab2/lab2/r003hs/data.0/temp.dryrun.perf" -N -B -T -R --aio --min-mmap-read 2048 -z 1 --affinity node -e cpu/period=0x3567e0,event=0x3c,name='CPU_CLK_UNHALTED.THREAD'/Duk,cpu/period=0x3567e0,umask=0x3,name='CPU_CLK_UNHALTED.REF_TSC'/Duk,cpu/period=0x3567e0,event=0xc0,name='INST_RETIRED.ANY'/Duk,cpu/period=0x186a3,event=0x3c,umask=0x1,name='CPU_CLK_UNHALTED.REF_XCLK'/uk,cpu/period=0x186a3,event=0x3c,umask=0x2,name='CPU_CLK_UNHALTED.ONE_THREAD_ACTIVE'/uk,cpu/period=0x1e8483,event=0xc2,umask=0x2,name='UOPS_RETIRED.RETIRE_SLOTS'/uk,cpu/period=0x1e8483,event=0xc7,umask=0x2,name='FP_ARITH_INST_RETIRED.SCALAR_SINGLE'/uk,cpu/period=0x1e8483,event=0xc7,umask=0x8,name='FP_ARITH_INST_RETIRED.128B_PACKED_SINGLE'/uk,cpu/period=0x1e8483,event=0xc7,umask=0x20,name='FP_ARITH_INST_RETIRED.256B_PACKED_SINGLE'/uk,cpu/period=0x1e8483,event=0xc7,umask=0x1,name='FP_ARITH_INST_RETIRED.SCALAR_DOUBLE'/uk,cpu/period=0x1e8483,event=0xc7,umask=0x4,name='FP_ARITH_INST_RETIRED.128B_PACKED_DOUBLE'/uk,cpu/period=0x1e8483,event=0xc7,umask=0x10,name='FP_ARITH_INST_RETIRED.256B_PACKED_DOUBLE'/uk,cpu/period=0x1e8483,event=0xb1,umask=0x10,name='UOPS_EXECUTED.X87'/uk,cpu/period=0x1e8483,event=0xb1,umask=0x1,name='UOPS_EXECUTED.THREAD'/uk --clockid=monotonic_raw "/home/funbotan/intel/vtune_amplifier_2019.6.0.602217/bin64/amplxe-perf-sync" dryrun tsc
145 [139822684980992] INFO perfrun.perfcollector <> - Monitor: runCmd RC = true
145 [139822699538176] INFO perfrun.tpss <> - initialize tpss controller
145 [139822699538176] INFO perfrun.launcher <> - plugin [tpss] was disabled because it doesn't support the given collection type.
145 [139822699538176] INFO perfrun.launcher <> - plugin [exprof] was disabled because it doesn't support the given collection type.
145 [139822699538176] INFO perfrun.launcher <> - plugin [ice] was disabled because it doesn't support the given collection type.
145 [139822699538176] INFO perfrun.launcher <> - plugin [] was disabled because it doesn't support the given collection type.
145 [139822699538176] INFO perfrun.launcher <> - plugin [] was disabled because it doesn't support the given collection type.
145 [139822699538176] INFO perfrun.launcher <> - plugin [parallelfs] was disabled because it doesn't support the given collection type.
145 [139822699538176] INFO perfrun.launcher <> - plugin [power] was disabled because it doesn't support the given collection type.
145 [139822708545344] INFO perfrun.launcher <> - set environment variable: LD_LIBRARY_PATH = /home/funbotan/intel/vtune_amplifier_2019.6.0.602217/lib32/runtime:/home/funbotan/intel/vtune_amplifier_2019.6.0.602217/lib64/runtime
145 [139822708545344] INFO perfrun.launcher <> - set environment variable: INTEL_LIBITTNOTIFY32 = /home/funbotan/intel/vtune_amplifier_2019.6.0.602217/lib32/runtime/libittnotify_collector.so
145 [139822708545344] INFO perfrun.launcher <> - set environment variable: INTEL_LIBITTNOTIFY64 = /home/funbotan/intel/vtune_amplifier_2019.6.0.602217/lib64/runtime/libittnotify_collector.so
145 [139822708545344] INFO perfrun.launcher <> - set environment variable: INTEL_ITTNOTIFY_GROUPS = 
145 [139822708545344] INFO perfrun.launcher <> - set environment variable: INTEL_JIT_PROFILER32 = /home/funbotan/intel/vtune_amplifier_2019.6.0.602217/lib32/runtime/libittnotify_collector.so
145 [139822708545344] INFO perfrun.launcher <> - set environment variable: INTEL_JIT_PROFILER64 = /home/funbotan/intel/vtune_amplifier_2019.6.0.602217/lib64/runtime/libittnotify_collector.so
145 [139822708545344] INFO perfrun.launcher <> - set environment variable: VS_PROFILER = libittnotify_collector.so
146 [139822708545344] INFO perfrun.launcher <> - set environment variable: ENABLE_JITPROFILING = 1
146 [139822708545344] INFO perfrun.launcher <> - set environment variable: CL_CONFIG_USE_VTUNE = True
146 [139822708545344] INFO perfrun.launcher <> - set environment variable: __OCL_MIC_INTEL_LIBITTNOTIFY64 = /amplxe/results/libittnotify_collector.so
146 [139822708545344] INFO perfrun.launcher <> - set environment variable: __OCL_MIC_INTEL_JIT_PROFILER64 = /amplxe/results/libittnotify_collector.so
146 [139822708545344] INFO perfrun.launcher <> - set environment variable: KMP_FORKJOIN_FRAMES = 0
146 [139822708545344] INFO perfrun.launcher <> - set environment variable: KMP_FORKJOIN_FRAMES_MODE = 0
146 [139822708545344] INFO perfrun.launcher <> - set environment variable: INTEL_MRTE_DATA_DIR = /home/funbotan/eclipse-workspace/lab2/lab2/r003hs/data.0
146 [139822708545344] INFO perfrun.launcher <> - set environment variable: INTEL_MRTE_HOST_NAME = collins
146 [139822708545344] INFO perfrun.launcher <> - set environment variable: JAVA_TOOL_OPTIONS = -agentlib:amplxe_samplingmrte_javaprof_1.0 -Dsun.boot.library.path=/home/funbotan/intel/vtune_amplifier_2019.6.0.602217/lib32/runtime:/home/funbotan/intel/vtune_amplifier_2019.6.0.602217/lib64/runtime
146 [139822708545344] INFO perfrun.launcher <> - set environment variable: CORECLR_ENABLE_PROFILING = 1
146 [139822708545344] INFO perfrun.launcher <> - set environment variable: CORECLR_PROFILER = {AA5E4821-E3B1-479c-B7FF-5AD047D22CED}
146 [139822708545344] INFO perfrun.launcher <> - set environment variable: CORECLR_PROFILER_PATH = /home/funbotan/intel/vtune_amplifier_2019.6.0.602217/lib64/libamplxe_samplingmrte_clrprof_1.0.so
146 [139822708545344] INFO perfrun.launcher <> - set environment variable: INTEL_MRTE_PROFILER_MODE = mixed
146 [139822708545344] INFO perfrun.launcher <> - RpcServer: run RPC server to handle requests
146 [139822708545344] INFO perfrun.launcher <> - Launcher: command line to start before modification = /home/funbotan/eclipse-workspace/lab2/output
146 [139822708545344] INFO perfrun.launcher <> - Launcher: command line to start after modification = /home/funbotan/eclipse-workspace/lab2/output
146 [139822708545344] INFO perfrun.launcher <> - ProcessCreator object was created
146 [139822708545344] INFO perfrun.launcher <> - Launcher: the process was started in suspend mode
206 [139822699538176] INFO perfrun.system <> - Helper runtool '/home/funbotan/intel/vtune_amplifier_2019.6.0.602217/bin32/amplxe-runss -dump-vdso -r /home/funbotan/eclipse-workspace/lab2/lab2/r003hs --tmp-dir /tmp/amplxe-tmp-funbotan' returned 0
250 [139822699538176] INFO perfrun.system <> - Helper runtool '/home/funbotan/intel/vtune_amplifier_2019.6.0.602217/bin64/amplxe-runss -dump-vdso -r /home/funbotan/eclipse-workspace/lab2/lab2/r003hs --tmp-dir /tmp/amplxe-tmp-funbotan' returned 0
289 [139822699538176] INFO perfrun.system <> - OpenCL gpu adapter vendor Id 4318
289 [139822699538176] WARN perfrun.system <> - Could not do anything with /sys/kernel/debug/kvm: boost::filesystem::status: Permission denied: "/sys/kernel/debug/kvm", at file: vcs/perfrun1/plugins/system/src/trace_writer.cpp:749
289 [139822699538176] WARN perfrun.system <> - Folder "/var/run/libvirt/qemu/"doesn't exist, at file: vcs/perfrun1/plugins/system/src/trace_writer.cpp:762
289 [139822699538176] WARN perfrun.sdk <> - Failed to find xl binary on any of the system paths: /bin, /sbin, /usr/bin, /usr/sbin., at file: vcs/perfrun1/sdk/src/utils.cpp:434
289 [139822699538176] WARN perfrun.system <> - Could not start ContainerMapping collector, at file: vcs/perfrun1/plugins/system/src/controller.cpp:467
293 [139822699538176] INFO perfrun.itt <> - start itt controller for pid #7316
298 [139822584817408] INFO perfrun.perfcollector <> - Path to Perf control pipe: /tmp/amplxe-tmp-funbotan/perf-pipe-7305-8392731955536
298 [139822584817408] INFO perfrun.perfcollector <> - Monitor: runCmd: "/home/funbotan/intel/vtune_amplifier_2019.6.0.602217/bin64/amplxe-perf" record --pipe "/tmp/amplxe-tmp-funbotan/perf-pipe-7305-8392731955536" --pipe-sync -o "/home/funbotan/eclipse-workspace/lab2/lab2/r003hs/data.0/7316.perf" -N -B -T -R -p 7316 --aio --min-mmap-read 2048 -z 1 --affinity node -e cpu/period=0x3567e0,event=0x3c,name='CPU_CLK_UNHALTED.THREAD'/Duk,cpu/period=0x3567e0,umask=0x3,name='CPU_CLK_UNHALTED.REF_TSC'/Duk,cpu/period=0x3567e0,event=0xc0,name='INST_RETIRED.ANY'/Duk,cpu/period=0x186a3,event=0x3c,umask=0x1,name='CPU_CLK_UNHALTED.REF_XCLK'/uk,cpu/period=0x186a3,event=0x3c,umask=0x2,name='CPU_CLK_UNHALTED.ONE_THREAD_ACTIVE'/uk,cpu/period=0x1e8483,event=0xc2,umask=0x2,name='UOPS_RETIRED.RETIRE_SLOTS'/uk,cpu/period=0x1e8483,event=0xc7,umask=0x2,name='FP_ARITH_INST_RETIRED.SCALAR_SINGLE'/uk,cpu/period=0x1e8483,event=0xc7,umask=0x8,name='FP_ARITH_INST_RETIRED.128B_PACKED_SINGLE'/uk,cpu/period=0x1e8483,event=0xc7,umask=0x20,name='FP_ARITH_INST_RETIRED.256B_PACKED_SINGLE'/uk,cpu/period=0x1e8483,event=0xc7,umask=0x1,name='FP_ARITH_INST_RETIRED.SCALAR_DOUBLE'/uk,cpu/period=0x1e8483,event=0xc7,umask=0x4,name='FP_ARITH_INST_RETIRED.128B_PACKED_DOUBLE'/uk,cpu/period=0x1e8483,event=0xc7,umask=0x10,name='FP_ARITH_INST_RETIRED.256B_PACKED_DOUBLE'/uk,cpu/period=0x1e8483,event=0xb1,umask=0x10,name='UOPS_EXECUTED.X87'/uk,cpu/period=0x1e8483,event=0xb1,umask=0x1,name='UOPS_EXECUTED.THREAD'/uk --clockid=monotonic_raw "/home/funbotan/intel/vtune_amplifier_2019.6.0.602217/bin64/amplxe-perf-sync" sync tsc
306 [139822708545344] INFO perfrun.launcher <> - Launcher: all plugins were started
306 [139822708545344] INFO perfrun.launcher <> - DirectoryMonitor object was created
306 [139822708545344] INFO perfrun.launcher <> - DirectoryMonitor: a callback was added
306 [139822708545344] INFO perfrun.launcher <> - DirectoryMonitor was started with pingTime = 1000
306 [139822708545344] INFO perfrun.launcher <> - DeadlineTimer is going to be constructed
306 [139822708545344] INFO perfrun.launcher <> - DeadlineTimer: a callback was added
314 [139822708545344] INFO perfrun.launcher <> - Launcher: resume the profiled application and  wait its termination or stop command
314 [139822708545344] INFO perfrun.launcher <> - Launcher: the profiled application was terminated  with exit code = 127
317 [139822699538176] INFO perfrun.itt <> - stop itt controller
317 [139822699538176] INFO perfrun.itt <> - detach itt controller
321 [139822584817408] INFO perfrun.perfcollector <> - Monitor: runCmd RC = true
321 [139822699538176] INFO perfrun.perfcollector <> - Monitor: state = 3, error = 1
321 [139822699538176] INFO perfrun.sdk <> - De-allocating TMU: /home/funbotan/eclipse-workspace/lab2/lab2/r003hs/data.0/systemcollector-7305-collins.sc
321 [139822699538176] INFO perfrun.system <> - closed the system trace file: /home/funbotan/eclipse-workspace/lab2/lab2/r003hs/data.0/systemcollector-7305-collins.sc
321 [139822708545344] INFO perfrun.launcher <> - Launcher: all plugins were stopped.
321 [139822708545344] INFO perfrun.launcher <> - DeadlineTimer is going to be destroyed
321 [139822708545344] INFO perfrun.launcher <> - DeadlineTimer was destroyed
321 [139822708545344] INFO perfrun.launcher <> - DirectoryMonitor object was destroyed
321 [139822708545344] WARN perfrun.launcher <> - Stop command is ignored because it is received when collection is already stopped, at file: vcs/perfrun1/launcher/src/command_handler.cpp:212
322 [139822708545344] INFO perfrun.launcher <> - Application exit code: 127
322 [139822708545344] INFO perfrun.launcher <> - Exit code: 4
