<?xml version="1.0" encoding="UTF-8"?>
<feedback>
 <message severity="info">Analysis started...</message>
 <nop/>
 <message severity="info">Result file: /home/funbotan/eclipse-workspace/lab2/lab2/r000ti3/r000ti3.inspxe </message>
 <nop/>
 <message severity="info">Found target process /home/funbotan/eclipse-workspace/lab2/a.out (PID = 5884). Analysis started... </message>
 <nop/>
 <message severity="info">Loaded module: /home/funbotan/eclipse-workspace/lab2/a.out. </message>
 <nop/>
 <message severity="info">Loaded module: /lib64/ld-linux-x86-64.so.2. </message>
 <nop/>
 <message severity="info">Loaded module: [vdso]. </message>
 <nop/>
 <message severity="info">Unloaded module: /home/funbotan/eclipse-workspace/lab2/a.out. </message>
 <nop/>
 <message severity="info">Unloaded module: /lib64/ld-linux-x86-64.so.2. </message>
 <nop/>
 <message severity="info">Unloaded module: [vdso]. </message>
 <nop/>
 <message severity="info">Process /home/funbotan/eclipse-workspace/lab2/a.out (PID = 5884) has terminated. </message>
 <nop/>
 <message severity="warning">Failed to find more than one thread. Ensure that your program is multithreaded.</message>
 <nop/>
 <message severity="info">Application exit code: 127 </message>
 <nop/>
 <message severity="info">Result file: /home/funbotan/eclipse-workspace/lab2/lab2/r000ti3/r000ti3.inspxe </message>
 <nop/>
 <message severity="info">Analysis completed</message>
 <nop/>
</feedback>
