<?xml version="1.0" encoding="utf-8" ?>
<!-- DO NOT EDIT THIS FILE -->

<log version='2.0' source='tcet'>
	<!-- Sampling enabled with the following: -->
	<!--     Budget                              5: -->
	<!--     Overdraft Budget                   75: -->
	<!--     Savings Budget                      2: -->
	<!-- Opened annotation file /home/funbotan/intel/inspector_2019.5.0.602103/lib64/../config/tc/qt.ant -->
	<!-- Opened annotation file /home/funbotan/intel/inspector_2019.5.0.602103/lib64/../config/tc/cpp11.ant -->
	<!-- Opened annotation file /home/funbotan/intel/inspector_2019.5.0.602103/lib64/../config/tc/fortran.ant -->
	<!-- Opened annotation file /home/funbotan/intel/inspector_2019.5.0.602103/lib64/../config/tc/icl.ant -->
	<!-- Opened annotation file /home/funbotan/intel/inspector_2019.5.0.602103/lib64/../config/tc/allocators.ant -->
	<msg id='1' display='false' source='tccore'>
		<type>START</type>
		<severity>INFO</severity>
		<timestamp>Fri Nov  8 20:22:24 2019</timestamp>
	</msg>
	<!-- Successfully loaded CCRT 13.4.2 at address 0x7fd7c382e000 - 0x7fd7c3830000 -->
	<!-- Successfully loaded the TC Analysis Core 8.12.15 at address 0x7fd7c0dae000 - 0x7fd7c0ddd000 -->
	<!-- Successfully loaded the TC Instrumentation Engine 8.12.15 at address 0x7fd7c3839000 - 0x7fd7c3a8c000 -->
	<!-- This is the instance of interest -->
	<msg id='2' source='tcet'>
		<type>EXEC_OF_INTEREST</type>
		<severity>INFO</severity>
		<timestamp>Fri Nov  8 20:22:24 2019</timestamp>
		<arg name='process'>/home/funbotan/eclipse-workspace/lab2/output</arg>
		<arg name='pid'>12987</arg>
	</msg>
	<msg id='3' source='tcet'>
		<type>LOAD_MODULE</type>
		<severity>INFO</severity>
		<timestamp>Fri Nov  8 20:22:24 2019</timestamp>
		<arg name='module'>/home/funbotan/eclipse-workspace/lab2/output</arg>
		<arg name='basement'>0x400000</arg>
		<arg name='ceiling'>0x40876f</arg>
	</msg>
	<msg id='4' source='tcet'>
		<type>LOAD_MODULE</type>
		<severity>INFO</severity>
		<timestamp>Fri Nov  8 20:22:24 2019</timestamp>
		<arg name='module'>/lib64/ld-linux-x86-64.so.2</arg>
		<arg name='basement'>0x7fd7c5697000</arg>
		<arg name='ceiling'>0x7fd7c56c518f</arg>
	</msg>
	<msg id='5' source='tcet'>
		<type>LOAD_MODULE</type>
		<severity>INFO</severity>
		<timestamp>Fri Nov  8 20:22:24 2019</timestamp>
		<arg name='module'>[vdso]</arg>
		<arg name='basement'>0x7ffc0df74000</arg>
		<arg name='ceiling'>0x7ffc0df74a71</arg>
	</msg>
	<!-- Thread 0 effective sampling rate is 0/0 -->
	<msg id='6' source='tcet'>
		<type>UNLOAD_MODULE</type>
		<severity>INFO</severity>
		<timestamp>Fri Nov  8 20:22:24 2019</timestamp>
		<arg name='module'>/home/funbotan/eclipse-workspace/lab2/output</arg>
	</msg>
	<msg id='7' source='tcet'>
		<type>UNLOAD_MODULE</type>
		<severity>INFO</severity>
		<timestamp>Fri Nov  8 20:22:24 2019</timestamp>
		<arg name='module'>/lib64/ld-linux-x86-64.so.2</arg>
	</msg>
	<msg id='8' source='tcet'>
		<type>UNLOAD_MODULE</type>
		<severity>INFO</severity>
		<timestamp>Fri Nov  8 20:22:24 2019</timestamp>
		<arg name='module'>[vdso]</arg>
	</msg>
	<msg id='9' source='tcet'>
		<type>PROCESS_TERMINATE</type>
		<severity>INFO</severity>
		<timestamp>Fri Nov  8 20:22:24 2019</timestamp>
		<arg name='process'>/home/funbotan/eclipse-workspace/lab2/output</arg>
		<arg name='pid'>12987</arg>
	</msg>
	<msg id='10' source='tccore'>
		<type>SINGLE_THREAD</type>
		<severity>WARNING</severity>
		<timestamp>Fri Nov  8 20:22:24 2019</timestamp>
	</msg>
	<msg id='11' display='false' source='tccore'>
		<type>ANALYSIS_COMPLETE</type>
		<severity>INFO</severity>
		<timestamp>Fri Nov  8 20:22:24 2019</timestamp>
	</msg>
	<msg id='12' display='false' source='tccore'>
		<type>STOP</type>
		<severity>INFO</severity>
		<timestamp>Fri Nov  8 20:22:24 2019</timestamp>
	</msg>
</log>